 Container benchi-conduit  Creating
 Container benchi-conduit  Created
Attaching to benchi-conduit
benchi-conduit  | {"level":"info","component":"badger.DB","time":1742313953707,"message":"All 0 tables opened in 0s"}
benchi-conduit  | {"level":"info","component":"badger.DB","time":1742313953708,"message":"Discard stats nextEmptySlot: 0"}
benchi-conduit  | {"level":"info","component":"badger.DB","time":1742313953708,"message":"Set nextTxnTs to 0"}
benchi-conduit  | {"level":"info","component":"plugin.processor.standalone.Registry","time":1742313953709,"message":"loading processor plugins from directory /app/processors ..."}
benchi-conduit  | {"level":"warn","component":"plugin.processor.standalone.Registry","error":"open /app/processors: no such file or directory","time":1742313953709,"message":"could not read processor plugin directory"}
benchi-conduit  | {"level":"info","component":"plugin.processor.standalone.Registry","plugin_path":"/app/processors","count":0,"time":1742313953709,"message":"standalone processor plugins initialized"}
benchi-conduit  | {"level":"info","component":"plugin.processor.builtin.Registry","count":17,"time":1742313953709,"message":"builtin processor plugins initialized"}
benchi-conduit  | {"level":"info","component":"processor.Service","count":0,"time":1742313953709,"message":"processors initialized"}
benchi-conduit  | {"level":"info","address":"[::]:43273","time":1742313953709,"message":"connector utilities started"}
benchi-conduit  | {"level":"info","time":1742313953709,"message":"connector utilities started on [::]:43273"}
benchi-conduit  | {"level":"info","component":"plugin.connector.builtin.Registry","count":6,"time":1742313953709,"message":"builtin connector plugins initialized"}
benchi-conduit  | {"level":"warn","component":"plugin.connector.standalone.Registry","error":"open /app/connectors: no such file or directory","time":1742313953709,"message":"could not read connector plugin directory"}
benchi-conduit  | {"level":"info","component":"plugin.connector.standalone.Registry","plugin_path":"/app/connectors","count":0,"time":1742313953709,"message":"standalone connector plugins initialized"}
benchi-conduit  | {"level":"info","component":"connector.Service","count":0,"time":1742313953709,"message":"connectors initialized"}
benchi-conduit  | {"level":"info","component":"pipeline.Service","count":0,"time":1742313953709,"message":"pipelines initialized"}
benchi-conduit  | {"level":"info","component":"lifecycle.Service","pipeline_id":"postgres-to-kafka","time":1742313953710,"message":"pipeline started"}
benchi-conduit  | {"level":"info","component":"provisioning.Service","created":["postgres-to-kafka"],"deleted":[],"pipelines_path":"/app/pipelines","time":1742313953710,"message":"pipeline configs provisioned"}
benchi-conduit  | {"level":"info","address":"[::]:8084","time":1742313953710,"message":"grpc API started"}
benchi-conduit  | {"level":"info","address":"[::]:8080","time":1742313953711,"message":"http API started"}
benchi-conduit  | {"level":"info","time":1742313953711}
benchi-conduit  | {"level":"info","time":1742313953711,"message":"click here to navigate to explore the HTTP API: http://localhost:8080/openapi"}
benchi-conduit  | {"level":"info","time":1742313953711}
benchi-conduit  | {"level":"info","connector_id":"postgres-to-kafka-dlq","component":"connector.Destination","time":1742313953711,"message":"destination connector plugin successfully started"}
benchi-conduit  | {"level":"warn","connector_id":"postgres-to-kafka:kafka-destination","plugin_type":"destination","plugin_name":"builtin:kafka","component":"plugin","addr":"addr","addr":"broker","addr":"err","time":1742313953715,"message":"unable to open connection to broker"}
benchi-conduit  | {"level":"error","stack":[{"func":"github.com/conduitio/conduit/pkg/lifecycle.(*Service).runPipeline.func2","file":"/app/pkg/lifecycle/service.go","line":743},{"func":"github.com/conduitio/conduit/pkg/lifecycle/stream.(*SourceNode).Run","file":"/app/pkg/lifecycle/stream/source.go","line":120},{"func":"github.com/conduitio/conduit/pkg/connector.(*Source).open","file":"/app/pkg/connector/source.go","line":308}],"error":"node postgres-to-kafka:postgres-source stopped with error: could not open source connector: could not open source connector plugin: failed to find primary key for table employees: failed to query table keys: failed to connect to `user=meroxauser database=meroxadb`:\n\thostname resolving error: lookup source-postgres on 127.0.0.11:53: no such host\n\tlookup source-postgres on 127.0.0.11:53: no such host","component":"lifecycle.Service","node_id":"postgres-to-kafka:postgres-source","time":1742313953717,"message":"node stopped"}
benchi-conduit  | {"level":"error","stack":[{"func":"github.com/conduitio/conduit/pkg/lifecycle.(*Service).runPipeline.func2","file":"/app/pkg/lifecycle/service.go","line":743}],"error":"node postgres-to-kafka:kafka-destination-acker stopped with error: context canceled","component":"lifecycle.Service","node_id":"postgres-to-kafka:kafka-destination-acker","time":1742313953717,"message":"node stopped"}
benchi-conduit  | {"level":"info","connector_id":"postgres-to-kafka-dlq","component":"connector.Destination","time":1742313953717,"message":"destination connector plugin successfully torn down"}
benchi-conduit  | {"level":"error","stack":[{"func":"github.com/conduitio/conduit/pkg/lifecycle.(*Service).runPipeline.func2","file":"/app/pkg/lifecycle/service.go","line":743}],"error":"node postgres-to-kafka:postgres-source-metrics stopped with error: context canceled","component":"lifecycle.Service","node_id":"postgres-to-kafka:postgres-source-metrics","time":1742313953717,"message":"node stopped"}
benchi-conduit  | {"level":"error","stack":[{"func":"github.com/conduitio/conduit/pkg/lifecycle.(*Service).runPipeline.func2","file":"/app/pkg/lifecycle/service.go","line":743}],"error":"node fanin stopped with error: context canceled","component":"lifecycle.Service","node_id":"fanin","time":1742313953717,"message":"node stopped"}
benchi-conduit  | {"level":"error","stack":[{"func":"github.com/conduitio/conduit/pkg/lifecycle.(*Service).runPipeline.func2","file":"/app/pkg/lifecycle/service.go","line":743}],"error":"node fanout stopped with error: context canceled","component":"lifecycle.Service","node_id":"fanout","time":1742313953717,"message":"node stopped"}
benchi-conduit  | {"level":"error","stack":[{"func":"github.com/conduitio/conduit/pkg/lifecycle.(*Service).runPipeline.func2","file":"/app/pkg/lifecycle/service.go","line":743}],"error":"node postgres-to-kafka:kafka-destination-metrics stopped with error: context canceled","component":"lifecycle.Service","node_id":"postgres-to-kafka:kafka-destination-metrics","time":1742313953717,"message":"node stopped"}
benchi-conduit  | {"level":"warn","connector_id":"postgres-to-kafka:kafka-destination","plugin_type":"destination","plugin_name":"builtin:kafka","component":"plugin","time":1742313954716,"message":"failed to dial broker, trying again..."}
benchi-conduit  | {"level":"warn","connector_id":"postgres-to-kafka:kafka-destination","plugin_type":"destination","plugin_name":"builtin:kafka","component":"plugin","addr":"addr","addr":"broker","addr":"err","time":1742313954723,"message":"unable to open connection to broker"}
benchi-conduit  | {"level":"warn","connector_id":"postgres-to-kafka:kafka-destination","plugin_type":"destination","plugin_name":"builtin:kafka","component":"plugin","time":1742313955725,"message":"failed to dial broker, trying again..."}
benchi-conduit  | {"level":"warn","connector_id":"postgres-to-kafka:kafka-destination","plugin_type":"destination","plugin_name":"builtin:kafka","component":"plugin","addr":"addr","addr":"broker","addr":"err","time":1742313955730,"message":"unable to open connection to broker"}
benchi-conduit  | {"level":"warn","connector_id":"postgres-to-kafka:kafka-destination","plugin_type":"destination","plugin_name":"builtin:kafka","component":"plugin","time":1742313956730,"message":"failed to dial broker, trying again..."}
benchi-conduit  | {"level":"warn","connector_id":"postgres-to-kafka:kafka-destination","plugin_type":"destination","plugin_name":"builtin:kafka","component":"plugin","addr":"addr","addr":"broker","addr":"err","time":1742313956739,"message":"unable to open connection to broker"}
benchi-conduit  | {"level":"warn","connector_id":"postgres-to-kafka:kafka-destination","plugin_type":"destination","plugin_name":"builtin:kafka","component":"plugin","time":1742313957740,"message":"failed to dial broker, trying again..."}
benchi-conduit  | {"level":"warn","connector_id":"postgres-to-kafka:kafka-destination","plugin_type":"destination","plugin_name":"builtin:kafka","component":"plugin","addr":"addr","addr":"broker","addr":"err","time":1742313957744,"message":"unable to open connection to broker"}
benchi-conduit  | {"level":"warn","connector_id":"postgres-to-kafka:kafka-destination","plugin_type":"destination","plugin_name":"builtin:kafka","component":"plugin","time":1742313958745,"message":"failed to dial broker, trying again..."}
benchi-conduit  | {"level":"warn","connector_id":"postgres-to-kafka:kafka-destination","plugin_type":"destination","plugin_name":"builtin:kafka","component":"plugin","addr":"addr","addr":"broker","addr":"err","time":1742313958752,"message":"unable to open connection to broker"}
benchi-conduit  | {"level":"warn","connector_id":"postgres-to-kafka:kafka-destination","plugin_type":"destination","plugin_name":"builtin:kafka","component":"plugin","time":1742313959754,"message":"failed to dial broker, trying again..."}
benchi-conduit  | {"level":"warn","connector_id":"postgres-to-kafka:kafka-destination","plugin_type":"destination","plugin_name":"builtin:kafka","component":"plugin","addr":"addr","addr":"broker","addr":"err","time":1742313959758,"message":"unable to open connection to broker"}
benchi-conduit  | {"level":"warn","connector_id":"postgres-to-kafka:kafka-destination","plugin_type":"destination","plugin_name":"builtin:kafka","component":"plugin","time":1742313960760,"message":"failed to dial broker, trying again..."}
benchi-conduit  | {"level":"warn","connector_id":"postgres-to-kafka:kafka-destination","plugin_type":"destination","plugin_name":"builtin:kafka","component":"plugin","addr":"addr","addr":"broker","addr":"err","time":1742313960766,"message":"unable to open connection to broker"}
benchi-conduit  | {"level":"warn","connector_id":"postgres-to-kafka:kafka-destination","plugin_type":"destination","plugin_name":"builtin:kafka","component":"plugin","time":1742313961767,"message":"failed to dial broker, trying again..."}
benchi-conduit  | {"level":"warn","connector_id":"postgres-to-kafka:kafka-destination","plugin_type":"destination","plugin_name":"builtin:kafka","component":"plugin","addr":"addr","addr":"broker","addr":"err","time":1742313961772,"message":"unable to open connection to broker"}
benchi-conduit  | {"level":"warn","connector_id":"postgres-to-kafka:kafka-destination","plugin_type":"destination","plugin_name":"builtin:kafka","component":"plugin","time":1742313962772,"message":"failed to dial broker, trying again..."}
benchi-conduit  | {"level":"warn","connector_id":"postgres-to-kafka:kafka-destination","plugin_type":"destination","plugin_name":"builtin:kafka","component":"plugin","addr":"addr","addr":"broker","addr":"err","time":1742313962776,"message":"unable to open connection to broker"}
benchi-conduit  | {"level":"warn","connector_id":"postgres-to-kafka:kafka-destination","plugin_type":"destination","plugin_name":"builtin:kafka","component":"plugin","time":1742313963779,"message":"failed to dial broker, trying again..."}
benchi-conduit  | {"level":"error","stack":[{"func":"github.com/conduitio/conduit/pkg/lifecycle.(*Service).runPipeline.func2","file":"/app/pkg/lifecycle/service.go","line":743},{"func":"github.com/conduitio/conduit/pkg/lifecycle/stream.(*DestinationNode).Run","file":"/app/pkg/lifecycle/stream/destination.go","line":81},{"func":"github.com/conduitio/conduit/pkg/connector.(*Destination).open","file":"/app/pkg/connector/destination.go","line":293}],"error":"node postgres-to-kafka:kafka-destination stopped with error: could not open destination connector: could not open destination connector plugin: failed to dial broker: unable to dial: dial tcp: lookup broker on 127.0.0.11:53: no such host","component":"lifecycle.Service","node_id":"postgres-to-kafka:kafka-destination","time":1742313963779,"message":"node stopped"}
benchi-conduit  | {"level":"info","component":"lifecycle.Service","pipeline_id":"postgres-to-kafka","duration":1888.369614,"attempt":1,"time":1742313963779,"message":"restarting with backoff"}
benchi-conduit  | {"level":"info","component":"lifecycle.Service","pipeline_id":"postgres-to-kafka","time":1742313965670,"message":"pipeline started"}
benchi-conduit  | {"level":"info","connector_id":"postgres-to-kafka-dlq","component":"connector.Destination","time":1742313965671,"message":"destination connector plugin successfully started"}
benchi-conduit  | {"level":"warn","connector_id":"postgres-to-kafka:kafka-destination","plugin_type":"destination","plugin_name":"builtin:kafka","component":"plugin","addr":"addr","addr":"broker","addr":"err","time":1742313965677,"message":"unable to open connection to broker"}
benchi-conduit  | {"level":"error","stack":[{"func":"github.com/conduitio/conduit/pkg/lifecycle.(*Service).runPipeline.func2","file":"/app/pkg/lifecycle/service.go","line":743},{"func":"github.com/conduitio/conduit/pkg/lifecycle/stream.(*SourceNode).Run","file":"/app/pkg/lifecycle/stream/source.go","line":120},{"func":"github.com/conduitio/conduit/pkg/connector.(*Source).open","file":"/app/pkg/connector/source.go","line":308}],"error":"node postgres-to-kafka:postgres-source stopped with error: could not open source connector: could not open source connector plugin: failed to find primary key for table employees: failed to query table keys: failed to connect to `user=meroxauser database=meroxadb`:\n\thostname resolving error: lookup source-postgres on 127.0.0.11:53: no such host\n\tlookup source-postgres on 127.0.0.11:53: no such host","component":"lifecycle.Service","node_id":"postgres-to-kafka:postgres-source","time":1742313965681,"message":"node stopped"}
benchi-conduit  | {"level":"error","stack":[{"func":"github.com/conduitio/conduit/pkg/lifecycle.(*Service).runPipeline.func2","file":"/app/pkg/lifecycle/service.go","line":743}],"error":"node postgres-to-kafka:postgres-source-metrics stopped with error: context canceled","component":"lifecycle.Service","node_id":"postgres-to-kafka:postgres-source-metrics","time":1742313965681,"message":"node stopped"}
benchi-conduit  | {"level":"info","connector_id":"postgres-to-kafka-dlq","component":"connector.Destination","time":1742313965681,"message":"destination connector plugin successfully torn down"}
benchi-conduit  | {"level":"error","stack":[{"func":"github.com/conduitio/conduit/pkg/lifecycle.(*Service).runPipeline.func2","file":"/app/pkg/lifecycle/service.go","line":743}],"error":"node postgres-to-kafka:kafka-destination-acker stopped with error: context canceled","component":"lifecycle.Service","node_id":"postgres-to-kafka:kafka-destination-acker","time":1742313965681,"message":"node stopped"}
benchi-conduit  | {"level":"error","stack":[{"func":"github.com/conduitio/conduit/pkg/lifecycle.(*Service).runPipeline.func2","file":"/app/pkg/lifecycle/service.go","line":743}],"error":"node postgres-to-kafka:kafka-destination-metrics stopped with error: context canceled","component":"lifecycle.Service","node_id":"postgres-to-kafka:kafka-destination-metrics","time":1742313965681,"message":"node stopped"}
benchi-conduit  | {"level":"error","stack":[{"func":"github.com/conduitio/conduit/pkg/lifecycle.(*Service).runPipeline.func2","file":"/app/pkg/lifecycle/service.go","line":743}],"error":"node fanout stopped with error: context canceled","component":"lifecycle.Service","node_id":"fanout","time":1742313965681,"message":"node stopped"}
benchi-conduit  | {"level":"error","stack":[{"func":"github.com/conduitio/conduit/pkg/lifecycle.(*Service).runPipeline.func2","file":"/app/pkg/lifecycle/service.go","line":743}],"error":"node fanin stopped with error: context canceled","component":"lifecycle.Service","node_id":"fanin","time":1742313965681,"message":"node stopped"}
benchi-conduit  | {"level":"warn","connector_id":"postgres-to-kafka:kafka-destination","plugin_type":"destination","plugin_name":"builtin:kafka","component":"plugin","time":1742313966678,"message":"failed to dial broker, trying again..."}
benchi-conduit  | {"level":"warn","connector_id":"postgres-to-kafka:kafka-destination","plugin_type":"destination","plugin_name":"builtin:kafka","component":"plugin","addr":"addr","addr":"broker","addr":"err","time":1742313966682,"message":"unable to open connection to broker"}
benchi-conduit  | {"level":"warn","connector_id":"postgres-to-kafka:kafka-destination","plugin_type":"destination","plugin_name":"builtin:kafka","component":"plugin","time":1742313967685,"message":"failed to dial broker, trying again..."}
benchi-conduit  | {"level":"warn","connector_id":"postgres-to-kafka:kafka-destination","plugin_type":"destination","plugin_name":"builtin:kafka","component":"plugin","addr":"addr","addr":"broker","addr":"err","time":1742313967690,"message":"unable to open connection to broker"}
benchi-conduit  | {"level":"warn","connector_id":"postgres-to-kafka:kafka-destination","plugin_type":"destination","plugin_name":"builtin:kafka","component":"plugin","time":1742313968692,"message":"failed to dial broker, trying again..."}
benchi-conduit  | {"level":"warn","connector_id":"postgres-to-kafka:kafka-destination","plugin_type":"destination","plugin_name":"builtin:kafka","component":"plugin","addr":"addr","addr":"broker","addr":"err","time":1742313968697,"message":"unable to open connection to broker"}
benchi-conduit  | {"level":"warn","connector_id":"postgres-to-kafka:kafka-destination","plugin_type":"destination","plugin_name":"builtin:kafka","component":"plugin","time":1742313969700,"message":"failed to dial broker, trying again..."}
benchi-conduit  | {"level":"warn","connector_id":"postgres-to-kafka:kafka-destination","plugin_type":"destination","plugin_name":"builtin:kafka","component":"plugin","addr":"addr","addr":"broker","addr":"err","time":1742313969707,"message":"unable to open connection to broker"}
benchi-conduit  | {"level":"warn","connector_id":"postgres-to-kafka:kafka-destination","plugin_type":"destination","plugin_name":"builtin:kafka","component":"plugin","time":1742313970708,"message":"failed to dial broker, trying again..."}
benchi-conduit  | {"level":"warn","connector_id":"postgres-to-kafka:kafka-destination","plugin_type":"destination","plugin_name":"builtin:kafka","component":"plugin","addr":"addr","addr":"broker","addr":"err","time":1742313970712,"message":"unable to open connection to broker"}
benchi-conduit  | {"level":"warn","connector_id":"postgres-to-kafka:kafka-destination","plugin_type":"destination","plugin_name":"builtin:kafka","component":"plugin","time":1742313971714,"message":"failed to dial broker, trying again..."}
benchi-conduit  | {"level":"warn","connector_id":"postgres-to-kafka:kafka-destination","plugin_type":"destination","plugin_name":"builtin:kafka","component":"plugin","addr":"addr","addr":"broker","addr":"err","time":1742313971728,"message":"unable to open connection to broker"}
benchi-conduit  | {"level":"warn","connector_id":"postgres-to-kafka:kafka-destination","plugin_type":"destination","plugin_name":"builtin:kafka","component":"plugin","time":1742313972728,"message":"failed to dial broker, trying again..."}
benchi-conduit  | {"level":"warn","connector_id":"postgres-to-kafka:kafka-destination","plugin_type":"destination","plugin_name":"builtin:kafka","component":"plugin","addr":"addr","addr":"broker","addr":"err","time":1742313972732,"message":"unable to open connection to broker"}
benchi-conduit  | {"level":"warn","connector_id":"postgres-to-kafka:kafka-destination","plugin_type":"destination","plugin_name":"builtin:kafka","component":"plugin","time":1742313973733,"message":"failed to dial broker, trying again..."}
benchi-conduit  | {"level":"warn","connector_id":"postgres-to-kafka:kafka-destination","plugin_type":"destination","plugin_name":"builtin:kafka","component":"plugin","addr":"addr","addr":"broker","addr":"err","time":1742313973740,"message":"unable to open connection to broker"}
benchi-conduit  | {"level":"warn","connector_id":"postgres-to-kafka:kafka-destination","plugin_type":"destination","plugin_name":"builtin:kafka","component":"plugin","time":1742313974740,"message":"failed to dial broker, trying again..."}
benchi-conduit  | {"level":"warn","connector_id":"postgres-to-kafka:kafka-destination","plugin_type":"destination","plugin_name":"builtin:kafka","component":"plugin","addr":"addr","addr":"broker","addr":"err","time":1742313974745,"message":"unable to open connection to broker"}
benchi-conduit  | {"level":"warn","connector_id":"postgres-to-kafka:kafka-destination","plugin_type":"destination","plugin_name":"builtin:kafka","component":"plugin","time":1742313975745,"message":"failed to dial broker, trying again..."}
benchi-conduit  | {"level":"error","stack":[{"func":"github.com/conduitio/conduit/pkg/lifecycle.(*Service).runPipeline.func2","file":"/app/pkg/lifecycle/service.go","line":743},{"func":"github.com/conduitio/conduit/pkg/lifecycle/stream.(*DestinationNode).Run","file":"/app/pkg/lifecycle/stream/destination.go","line":81},{"func":"github.com/conduitio/conduit/pkg/connector.(*Destination).open","file":"/app/pkg/connector/destination.go","line":293}],"error":"node postgres-to-kafka:kafka-destination stopped with error: could not open destination connector: could not open destination connector plugin: failed to dial broker: unable to dial: dial tcp: lookup broker on 127.0.0.11:53: no such host","component":"lifecycle.Service","node_id":"postgres-to-kafka:kafka-destination","time":1742313975745,"message":"node stopped"}
benchi-conduit  | {"level":"info","component":"lifecycle.Service","pipeline_id":"postgres-to-kafka","duration":2733.406314,"attempt":2,"time":1742313975745,"message":"restarting with backoff"}
benchi-conduit  | {"level":"info","component":"lifecycle.Service","pipeline_id":"postgres-to-kafka","time":1742313978480,"message":"pipeline started"}
benchi-conduit  | {"level":"info","connector_id":"postgres-to-kafka-dlq","component":"connector.Destination","time":1742313978481,"message":"destination connector plugin successfully started"}
benchi-conduit  | {"level":"warn","connector_id":"postgres-to-kafka:kafka-destination","plugin_type":"destination","plugin_name":"builtin:kafka","component":"plugin","addr":"addr","addr":"broker","addr":"err","time":1742313978489,"message":"unable to open connection to broker"}
benchi-conduit  | {"level":"error","stack":[{"func":"github.com/conduitio/conduit/pkg/lifecycle.(*Service).runPipeline.func2","file":"/app/pkg/lifecycle/service.go","line":743},{"func":"github.com/conduitio/conduit/pkg/lifecycle/stream.(*SourceNode).Run","file":"/app/pkg/lifecycle/stream/source.go","line":120},{"func":"github.com/conduitio/conduit/pkg/connector.(*Source).open","file":"/app/pkg/connector/source.go","line":308}],"error":"node postgres-to-kafka:postgres-source stopped with error: could not open source connector: could not open source connector plugin: failed to find primary key for table employees: failed to query table keys: failed to connect to `user=meroxauser database=meroxadb`:\n\thostname resolving error: lookup source-postgres on 127.0.0.11:53: no such host\n\tlookup source-postgres on 127.0.0.11:53: no such host","component":"lifecycle.Service","node_id":"postgres-to-kafka:postgres-source","time":1742313978491,"message":"node stopped"}
benchi-conduit  | {"level":"error","stack":[{"func":"github.com/conduitio/conduit/pkg/lifecycle.(*Service).runPipeline.func2","file":"/app/pkg/lifecycle/service.go","line":743}],"error":"node fanin stopped with error: context canceled","component":"lifecycle.Service","node_id":"fanin","time":1742313978491,"message":"node stopped"}
benchi-conduit  | {"level":"error","stack":[{"func":"github.com/conduitio/conduit/pkg/lifecycle.(*Service).runPipeline.func2","file":"/app/pkg/lifecycle/service.go","line":743}],"error":"node postgres-to-kafka:postgres-source-metrics stopped with error: context canceled","component":"lifecycle.Service","node_id":"postgres-to-kafka:postgres-source-metrics","time":1742313978491,"message":"node stopped"}
benchi-conduit  | {"level":"error","stack":[{"func":"github.com/conduitio/conduit/pkg/lifecycle.(*Service).runPipeline.func2","file":"/app/pkg/lifecycle/service.go","line":743}],"error":"node postgres-to-kafka:kafka-destination-metrics stopped with error: context canceled","component":"lifecycle.Service","node_id":"postgres-to-kafka:kafka-destination-metrics","time":1742313978491,"message":"node stopped"}
benchi-conduit  | {"level":"error","stack":[{"func":"github.com/conduitio/conduit/pkg/lifecycle.(*Service).runPipeline.func2","file":"/app/pkg/lifecycle/service.go","line":743}],"error":"node fanout stopped with error: context canceled","component":"lifecycle.Service","node_id":"fanout","time":1742313978491,"message":"node stopped"}
benchi-conduit  | {"level":"error","stack":[{"func":"github.com/conduitio/conduit/pkg/lifecycle.(*Service).runPipeline.func2","file":"/app/pkg/lifecycle/service.go","line":743}],"error":"node postgres-to-kafka:kafka-destination-acker stopped with error: context canceled","component":"lifecycle.Service","node_id":"postgres-to-kafka:kafka-destination-acker","time":1742313978491,"message":"node stopped"}
benchi-conduit  | {"level":"info","connector_id":"postgres-to-kafka-dlq","component":"connector.Destination","time":1742313978491,"message":"destination connector plugin successfully torn down"}
benchi-conduit  | {"level":"warn","connector_id":"postgres-to-kafka:kafka-destination","plugin_type":"destination","plugin_name":"builtin:kafka","component":"plugin","time":1742313979490,"message":"failed to dial broker, trying again..."}
benchi-conduit  | {"level":"warn","connector_id":"postgres-to-kafka:kafka-destination","plugin_type":"destination","plugin_name":"builtin:kafka","component":"plugin","addr":"addr","addr":"broker","addr":"err","time":1742313979498,"message":"unable to open connection to broker"}
benchi-conduit  | {"level":"warn","connector_id":"postgres-to-kafka:kafka-destination","plugin_type":"destination","plugin_name":"builtin:kafka","component":"plugin","time":1742313980499,"message":"failed to dial broker, trying again..."}
benchi-conduit  | {"level":"warn","connector_id":"postgres-to-kafka:kafka-destination","plugin_type":"destination","plugin_name":"builtin:kafka","component":"plugin","addr":"addr","addr":"broker","addr":"err","time":1742313980506,"message":"unable to open connection to broker"}
benchi-conduit  | {"level":"warn","connector_id":"postgres-to-kafka:kafka-destination","plugin_type":"destination","plugin_name":"builtin:kafka","component":"plugin","time":1742313981507,"message":"failed to dial broker, trying again..."}
benchi-conduit  | {"level":"warn","connector_id":"postgres-to-kafka:kafka-destination","plugin_type":"destination","plugin_name":"builtin:kafka","component":"plugin","addr":"addr","addr":"broker","addr":"err","time":1742313981512,"message":"unable to open connection to broker"}
benchi-conduit  | {"level":"warn","connector_id":"postgres-to-kafka:kafka-destination","plugin_type":"destination","plugin_name":"builtin:kafka","component":"plugin","time":1742313982512,"message":"failed to dial broker, trying again..."}
benchi-conduit  | {"level":"warn","connector_id":"postgres-to-kafka:kafka-destination","plugin_type":"destination","plugin_name":"builtin:kafka","component":"plugin","addr":"addr","addr":"broker","addr":"err","time":1742313982517,"message":"unable to open connection to broker"}
benchi-conduit  | {"level":"warn","connector_id":"postgres-to-kafka:kafka-destination","plugin_type":"destination","plugin_name":"builtin:kafka","component":"plugin","time":1742313983517,"message":"failed to dial broker, trying again..."}
benchi-conduit  | {"level":"warn","connector_id":"postgres-to-kafka:kafka-destination","plugin_type":"destination","plugin_name":"builtin:kafka","component":"plugin","addr":"addr","addr":"broker","addr":"err","time":1742313983522,"message":"unable to open connection to broker"}
benchi-conduit  | {"level":"warn","connector_id":"postgres-to-kafka:kafka-destination","plugin_type":"destination","plugin_name":"builtin:kafka","component":"plugin","time":1742313984524,"message":"failed to dial broker, trying again..."}
benchi-conduit  | {"level":"warn","connector_id":"postgres-to-kafka:kafka-destination","plugin_type":"destination","plugin_name":"builtin:kafka","component":"plugin","addr":"addr","addr":"broker","addr":"err","time":1742313984528,"message":"unable to open connection to broker"}
benchi-conduit  | {"level":"warn","connector_id":"postgres-to-kafka:kafka-destination","plugin_type":"destination","plugin_name":"builtin:kafka","component":"plugin","time":1742313985529,"message":"failed to dial broker, trying again..."}
benchi-conduit  | {"level":"warn","connector_id":"postgres-to-kafka:kafka-destination","plugin_type":"destination","plugin_name":"builtin:kafka","component":"plugin","addr":"addr","addr":"broker","addr":"err","time":1742313985536,"message":"unable to open connection to broker"}
benchi-conduit  | {"level":"warn","connector_id":"postgres-to-kafka:kafka-destination","plugin_type":"destination","plugin_name":"builtin:kafka","component":"plugin","time":1742313986538,"message":"failed to dial broker, trying again..."}
benchi-conduit  | {"level":"warn","connector_id":"postgres-to-kafka:kafka-destination","plugin_type":"destination","plugin_name":"builtin:kafka","component":"plugin","addr":"addr","addr":"broker","addr":"err","time":1742313986545,"message":"unable to open connection to broker"}
benchi-conduit  | {"level":"warn","connector_id":"postgres-to-kafka:kafka-destination","plugin_type":"destination","plugin_name":"builtin:kafka","component":"plugin","time":1742313987545,"message":"failed to dial broker, trying again..."}
benchi-conduit  | {"level":"warn","connector_id":"postgres-to-kafka:kafka-destination","plugin_type":"destination","plugin_name":"builtin:kafka","component":"plugin","addr":"addr","addr":"broker","addr":"err","time":1742313987550,"message":"unable to open connection to broker"}
benchi-conduit  | {"level":"warn","connector_id":"postgres-to-kafka:kafka-destination","plugin_type":"destination","plugin_name":"builtin:kafka","component":"plugin","time":1742313988552,"message":"failed to dial broker, trying again..."}
benchi-conduit  | {"level":"error","stack":[{"func":"github.com/conduitio/conduit/pkg/lifecycle.(*Service).runPipeline.func2","file":"/app/pkg/lifecycle/service.go","line":743},{"func":"github.com/conduitio/conduit/pkg/lifecycle/stream.(*DestinationNode).Run","file":"/app/pkg/lifecycle/stream/destination.go","line":81},{"func":"github.com/conduitio/conduit/pkg/connector.(*Destination).open","file":"/app/pkg/connector/destination.go","line":293}],"error":"node postgres-to-kafka:kafka-destination stopped with error: could not open destination connector: could not open destination connector plugin: failed to dial broker: unable to dial: dial tcp: lookup broker on 127.0.0.11:53: no such host","component":"lifecycle.Service","node_id":"postgres-to-kafka:kafka-destination","time":1742313988552,"message":"node stopped"}
benchi-conduit  | {"level":"info","component":"lifecycle.Service","pipeline_id":"postgres-to-kafka","duration":7878.046094,"attempt":3,"time":1742313988553,"message":"restarting with backoff"}
benchi-conduit  | {"level":"info","component":"lifecycle.Service","pipeline_id":"postgres-to-kafka","time":1742313996436,"message":"pipeline started"}
benchi-conduit  | {"level":"info","connector_id":"postgres-to-kafka-dlq","component":"connector.Destination","time":1742313996436,"message":"destination connector plugin successfully started"}
benchi-conduit  | {"level":"warn","connector_id":"postgres-to-kafka:kafka-destination","plugin_type":"destination","plugin_name":"builtin:kafka","component":"plugin","addr":"addr","addr":"broker","addr":"err","time":1742313996442,"message":"unable to open connection to broker"}
benchi-conduit  | {"level":"error","stack":[{"func":"github.com/conduitio/conduit/pkg/lifecycle.(*Service).runPipeline.func2","file":"/app/pkg/lifecycle/service.go","line":743},{"func":"github.com/conduitio/conduit/pkg/lifecycle/stream.(*SourceNode).Run","file":"/app/pkg/lifecycle/stream/source.go","line":120},{"func":"github.com/conduitio/conduit/pkg/connector.(*Source).open","file":"/app/pkg/connector/source.go","line":308}],"error":"node postgres-to-kafka:postgres-source stopped with error: could not open source connector: could not open source connector plugin: failed to find primary key for table employees: failed to query table keys: failed to connect to `user=meroxauser database=meroxadb`:\n\thostname resolving error: lookup source-postgres on 127.0.0.11:53: no such host\n\tlookup source-postgres on 127.0.0.11:53: no such host","component":"lifecycle.Service","node_id":"postgres-to-kafka:postgres-source","time":1742313996446,"message":"node stopped"}
benchi-conduit  | {"level":"error","stack":[{"func":"github.com/conduitio/conduit/pkg/lifecycle.(*Service).runPipeline.func2","file":"/app/pkg/lifecycle/service.go","line":743}],"error":"node postgres-to-kafka:kafka-destination-acker stopped with error: context canceled","component":"lifecycle.Service","node_id":"postgres-to-kafka:kafka-destination-acker","time":1742313996446,"message":"node stopped"}
benchi-conduit  | {"level":"error","stack":[{"func":"github.com/conduitio/conduit/pkg/lifecycle.(*Service).runPipeline.func2","file":"/app/pkg/lifecycle/service.go","line":743}],"error":"node fanout stopped with error: context canceled","component":"lifecycle.Service","node_id":"fanout","time":1742313996446,"message":"node stopped"}
benchi-conduit  | {"level":"error","stack":[{"func":"github.com/conduitio/conduit/pkg/lifecycle.(*Service).runPipeline.func2","file":"/app/pkg/lifecycle/service.go","line":743}],"error":"node fanin stopped with error: context canceled","component":"lifecycle.Service","node_id":"fanin","time":1742313996446,"message":"node stopped"}
benchi-conduit  | {"level":"error","stack":[{"func":"github.com/conduitio/conduit/pkg/lifecycle.(*Service).runPipeline.func2","file":"/app/pkg/lifecycle/service.go","line":743}],"error":"node postgres-to-kafka:kafka-destination-metrics stopped with error: context canceled","component":"lifecycle.Service","node_id":"postgres-to-kafka:kafka-destination-metrics","time":1742313996446,"message":"node stopped"}
benchi-conduit  | {"level":"info","connector_id":"postgres-to-kafka-dlq","component":"connector.Destination","time":1742313996446,"message":"destination connector plugin successfully torn down"}
benchi-conduit  | {"level":"error","stack":[{"func":"github.com/conduitio/conduit/pkg/lifecycle.(*Service).runPipeline.func2","file":"/app/pkg/lifecycle/service.go","line":743}],"error":"node postgres-to-kafka:postgres-source-metrics stopped with error: context canceled","component":"lifecycle.Service","node_id":"postgres-to-kafka:postgres-source-metrics","time":1742313996446,"message":"node stopped"}
benchi-conduit  | {"level":"warn","connector_id":"postgres-to-kafka:kafka-destination","plugin_type":"destination","plugin_name":"builtin:kafka","component":"plugin","time":1742313997445,"message":"failed to dial broker, trying again..."}
benchi-conduit  | {"level":"warn","connector_id":"postgres-to-kafka:kafka-destination","plugin_type":"destination","plugin_name":"builtin:kafka","component":"plugin","addr":"addr","addr":"broker","addr":"err","time":1742313997451,"message":"unable to open connection to broker"}
benchi-conduit  | {"level":"warn","connector_id":"postgres-to-kafka:kafka-destination","plugin_type":"destination","plugin_name":"builtin:kafka","component":"plugin","time":1742313998451,"message":"failed to dial broker, trying again..."}
benchi-conduit  | {"level":"warn","connector_id":"postgres-to-kafka:kafka-destination","plugin_type":"destination","plugin_name":"builtin:kafka","component":"plugin","addr":"addr","addr":"broker","addr":"err","time":1742313998457,"message":"unable to open connection to broker"}
benchi-conduit  | {"level":"warn","connector_id":"postgres-to-kafka:kafka-destination","plugin_type":"destination","plugin_name":"builtin:kafka","component":"plugin","time":1742313999457,"message":"failed to dial broker, trying again..."}
benchi-conduit  | {"level":"warn","connector_id":"postgres-to-kafka:kafka-destination","plugin_type":"destination","plugin_name":"builtin:kafka","component":"plugin","addr":"addr","addr":"broker","addr":"err","time":1742313999462,"message":"unable to open connection to broker"}
benchi-conduit  | {"level":"warn","connector_id":"postgres-to-kafka:kafka-destination","plugin_type":"destination","plugin_name":"builtin:kafka","component":"plugin","time":1742314000463,"message":"failed to dial broker, trying again..."}
benchi-conduit  | {"level":"warn","connector_id":"postgres-to-kafka:kafka-destination","plugin_type":"destination","plugin_name":"builtin:kafka","component":"plugin","addr":"addr","addr":"broker","addr":"err","time":1742314000470,"message":"unable to open connection to broker"}
benchi-conduit  | {"level":"warn","connector_id":"postgres-to-kafka:kafka-destination","plugin_type":"destination","plugin_name":"builtin:kafka","component":"plugin","time":1742314001471,"message":"failed to dial broker, trying again..."}
benchi-conduit  | {"level":"warn","connector_id":"postgres-to-kafka:kafka-destination","plugin_type":"destination","plugin_name":"builtin:kafka","component":"plugin","addr":"addr","addr":"broker","addr":"err","time":1742314001479,"message":"unable to open connection to broker"}
benchi-conduit  | {"level":"warn","connector_id":"postgres-to-kafka:kafka-destination","plugin_type":"destination","plugin_name":"builtin:kafka","component":"plugin","time":1742314002481,"message":"failed to dial broker, trying again..."}
benchi-conduit  | {"level":"warn","connector_id":"postgres-to-kafka:kafka-destination","plugin_type":"destination","plugin_name":"builtin:kafka","component":"plugin","addr":"addr","addr":"broker","addr":"err","time":1742314002488,"message":"unable to open connection to broker"}
benchi-conduit  | {"level":"warn","connector_id":"postgres-to-kafka:kafka-destination","plugin_type":"destination","plugin_name":"builtin:kafka","component":"plugin","time":1742314003489,"message":"failed to dial broker, trying again..."}
benchi-conduit  | {"level":"warn","connector_id":"postgres-to-kafka:kafka-destination","plugin_type":"destination","plugin_name":"builtin:kafka","component":"plugin","addr":"addr","addr":"broker","addr":"err","time":1742314003497,"message":"unable to open connection to broker"}
benchi-conduit  | {"level":"warn","connector_id":"postgres-to-kafka:kafka-destination","plugin_type":"destination","plugin_name":"builtin:kafka","component":"plugin","time":1742314004497,"message":"failed to dial broker, trying again..."}
benchi-conduit  | {"level":"warn","connector_id":"postgres-to-kafka:kafka-destination","plugin_type":"destination","plugin_name":"builtin:kafka","component":"plugin","addr":"addr","addr":"broker","addr":"err","time":1742314004503,"message":"unable to open connection to broker"}
benchi-conduit  | {"level":"warn","connector_id":"postgres-to-kafka:kafka-destination","plugin_type":"destination","plugin_name":"builtin:kafka","component":"plugin","time":1742314005505,"message":"failed to dial broker, trying again..."}
benchi-conduit  | {"level":"warn","connector_id":"postgres-to-kafka:kafka-destination","plugin_type":"destination","plugin_name":"builtin:kafka","component":"plugin","addr":"addr","addr":"broker","addr":"err","time":1742314005510,"message":"unable to open connection to broker"}
benchi-conduit  | {"level":"warn","connector_id":"postgres-to-kafka:kafka-destination","plugin_type":"destination","plugin_name":"builtin:kafka","component":"plugin","time":1742314006510,"message":"failed to dial broker, trying again..."}
benchi-conduit  | {"level":"error","stack":[{"func":"github.com/conduitio/conduit/pkg/lifecycle.(*Service).runPipeline.func2","file":"/app/pkg/lifecycle/service.go","line":743},{"func":"github.com/conduitio/conduit/pkg/lifecycle/stream.(*DestinationNode).Run","file":"/app/pkg/lifecycle/stream/destination.go","line":81},{"func":"github.com/conduitio/conduit/pkg/connector.(*Destination).open","file":"/app/pkg/connector/destination.go","line":293}],"error":"node postgres-to-kafka:kafka-destination stopped with error: could not open destination connector: could not open destination connector plugin: failed to dial broker: unable to dial: dial tcp: lookup broker on 127.0.0.11:53: no such host","component":"lifecycle.Service","node_id":"postgres-to-kafka:kafka-destination","time":1742314006510,"message":"node stopped"}
benchi-conduit  | {"level":"info","component":"lifecycle.Service","pipeline_id":"postgres-to-kafka","duration":9624.674504,"attempt":4,"time":1742314006510,"message":"restarting with backoff"}
benchi-conduit  | {"level":"info","component":"lifecycle.Service","pipeline_id":"postgres-to-kafka","time":1742314016136,"message":"pipeline started"}
benchi-conduit  | {"level":"info","connector_id":"postgres-to-kafka-dlq","component":"connector.Destination","time":1742314016136,"message":"destination connector plugin successfully started"}
benchi-conduit  | {"level":"warn","connector_id":"postgres-to-kafka:kafka-destination","plugin_type":"destination","plugin_name":"builtin:kafka","component":"plugin","addr":"addr","addr":"broker","addr":"err","time":1742314016143,"message":"unable to open connection to broker"}
benchi-conduit  | {"level":"error","stack":[{"func":"github.com/conduitio/conduit/pkg/lifecycle.(*Service).runPipeline.func2","file":"/app/pkg/lifecycle/service.go","line":743},{"func":"github.com/conduitio/conduit/pkg/lifecycle/stream.(*SourceNode).Run","file":"/app/pkg/lifecycle/stream/source.go","line":120},{"func":"github.com/conduitio/conduit/pkg/connector.(*Source).open","file":"/app/pkg/connector/source.go","line":308}],"error":"node postgres-to-kafka:postgres-source stopped with error: could not open source connector: could not open source connector plugin: failed to find primary key for table employees: failed to query table keys: failed to connect to `user=meroxauser database=meroxadb`:\n\thostname resolving error: lookup source-postgres on 127.0.0.11:53: no such host\n\tlookup source-postgres on 127.0.0.11:53: no such host","component":"lifecycle.Service","node_id":"postgres-to-kafka:postgres-source","time":1742314016147,"message":"node stopped"}
benchi-conduit  | {"level":"error","stack":[{"func":"github.com/conduitio/conduit/pkg/lifecycle.(*Service).runPipeline.func2","file":"/app/pkg/lifecycle/service.go","line":743}],"error":"node fanin stopped with error: context canceled","component":"lifecycle.Service","node_id":"fanin","time":1742314016147,"message":"node stopped"}
benchi-conduit  | {"level":"info","connector_id":"postgres-to-kafka-dlq","component":"connector.Destination","time":1742314016147,"message":"destination connector plugin successfully torn down"}
benchi-conduit  | {"level":"error","stack":[{"func":"github.com/conduitio/conduit/pkg/lifecycle.(*Service).runPipeline.func2","file":"/app/pkg/lifecycle/service.go","line":743}],"error":"node postgres-to-kafka:kafka-destination-acker stopped with error: context canceled","component":"lifecycle.Service","node_id":"postgres-to-kafka:kafka-destination-acker","time":1742314016147,"message":"node stopped"}
benchi-conduit  | {"level":"error","stack":[{"func":"github.com/conduitio/conduit/pkg/lifecycle.(*Service).runPipeline.func2","file":"/app/pkg/lifecycle/service.go","line":743}],"error":"node postgres-to-kafka:postgres-source-metrics stopped with error: context canceled","component":"lifecycle.Service","node_id":"postgres-to-kafka:postgres-source-metrics","time":1742314016147,"message":"node stopped"}
benchi-conduit  | {"level":"error","stack":[{"func":"github.com/conduitio/conduit/pkg/lifecycle.(*Service).runPipeline.func2","file":"/app/pkg/lifecycle/service.go","line":743}],"error":"node postgres-to-kafka:kafka-destination-metrics stopped with error: context canceled","component":"lifecycle.Service","node_id":"postgres-to-kafka:kafka-destination-metrics","time":1742314016147,"message":"node stopped"}
benchi-conduit  | {"level":"error","stack":[{"func":"github.com/conduitio/conduit/pkg/lifecycle.(*Service).runPipeline.func2","file":"/app/pkg/lifecycle/service.go","line":743}],"error":"node fanout stopped with error: context canceled","component":"lifecycle.Service","node_id":"fanout","time":1742314016147,"message":"node stopped"}
benchi-conduit  | {"level":"warn","connector_id":"postgres-to-kafka:kafka-destination","plugin_type":"destination","plugin_name":"builtin:kafka","component":"plugin","time":1742314017144,"message":"failed to dial broker, trying again..."}
benchi-conduit  | {"level":"warn","connector_id":"postgres-to-kafka:kafka-destination","plugin_type":"destination","plugin_name":"builtin:kafka","component":"plugin","addr":"addr","addr":"broker","addr":"err","time":1742314017148,"message":"unable to open connection to broker"}
benchi-conduit  | {"level":"warn","connector_id":"postgres-to-kafka:kafka-destination","plugin_type":"destination","plugin_name":"builtin:kafka","component":"plugin","time":1742314018151,"message":"failed to dial broker, trying again..."}
benchi-conduit  | {"level":"warn","connector_id":"postgres-to-kafka:kafka-destination","plugin_type":"destination","plugin_name":"builtin:kafka","component":"plugin","addr":"addr","addr":"broker","addr":"err","time":1742314018158,"message":"unable to open connection to broker"}
benchi-conduit  | {"level":"warn","connector_id":"postgres-to-kafka:kafka-destination","plugin_type":"destination","plugin_name":"builtin:kafka","component":"plugin","time":1742314019158,"message":"failed to dial broker, trying again..."}
benchi-conduit  | {"level":"warn","connector_id":"postgres-to-kafka:kafka-destination","plugin_type":"destination","plugin_name":"builtin:kafka","component":"plugin","addr":"addr","addr":"broker","addr":"err","time":1742314019164,"message":"unable to open connection to broker"}
benchi-conduit  | {"level":"warn","connector_id":"postgres-to-kafka:kafka-destination","plugin_type":"destination","plugin_name":"builtin:kafka","component":"plugin","time":1742314020165,"message":"failed to dial broker, trying again..."}
benchi-conduit  | {"level":"warn","connector_id":"postgres-to-kafka:kafka-destination","plugin_type":"destination","plugin_name":"builtin:kafka","component":"plugin","addr":"addr","addr":"broker","addr":"err","time":1742314020172,"message":"unable to open connection to broker"}
benchi-conduit  | {"level":"warn","connector_id":"postgres-to-kafka:kafka-destination","plugin_type":"destination","plugin_name":"builtin:kafka","component":"plugin","time":1742314021173,"message":"failed to dial broker, trying again..."}
benchi-conduit  | {"level":"warn","connector_id":"postgres-to-kafka:kafka-destination","plugin_type":"destination","plugin_name":"builtin:kafka","component":"plugin","addr":"addr","addr":"broker","addr":"err","time":1742314021178,"message":"unable to open connection to broker"}
benchi-conduit  | {"level":"warn","connector_id":"postgres-to-kafka:kafka-destination","plugin_type":"destination","plugin_name":"builtin:kafka","component":"plugin","time":1742314022179,"message":"failed to dial broker, trying again..."}
benchi-conduit  | {"level":"warn","connector_id":"postgres-to-kafka:kafka-destination","plugin_type":"destination","plugin_name":"builtin:kafka","component":"plugin","addr":"addr","addr":"broker","addr":"err","time":1742314022184,"message":"unable to open connection to broker"}
benchi-conduit  | {"level":"warn","connector_id":"postgres-to-kafka:kafka-destination","plugin_type":"destination","plugin_name":"builtin:kafka","component":"plugin","time":1742314023184,"message":"failed to dial broker, trying again..."}
benchi-conduit  | {"level":"warn","connector_id":"postgres-to-kafka:kafka-destination","plugin_type":"destination","plugin_name":"builtin:kafka","component":"plugin","addr":"addr","addr":"broker","addr":"err","time":1742314023189,"message":"unable to open connection to broker"}
benchi-conduit  | {"level":"warn","connector_id":"postgres-to-kafka:kafka-destination","plugin_type":"destination","plugin_name":"builtin:kafka","component":"plugin","time":1742314024190,"message":"failed to dial broker, trying again..."}
benchi-conduit  | {"level":"warn","connector_id":"postgres-to-kafka:kafka-destination","plugin_type":"destination","plugin_name":"builtin:kafka","component":"plugin","addr":"addr","addr":"broker","addr":"err","time":1742314024195,"message":"unable to open connection to broker"}
benchi-conduit  | {"level":"warn","connector_id":"postgres-to-kafka:kafka-destination","plugin_type":"destination","plugin_name":"builtin:kafka","component":"plugin","time":1742314025196,"message":"failed to dial broker, trying again..."}
benchi-conduit  | {"level":"warn","connector_id":"postgres-to-kafka:kafka-destination","plugin_type":"destination","plugin_name":"builtin:kafka","component":"plugin","addr":"addr","addr":"broker","addr":"err","time":1742314025206,"message":"unable to open connection to broker"}
benchi-conduit  | {"level":"warn","connector_id":"postgres-to-kafka:kafka-destination","plugin_type":"destination","plugin_name":"builtin:kafka","component":"plugin","time":1742314026207,"message":"failed to dial broker, trying again..."}
benchi-conduit  | {"level":"error","stack":[{"func":"github.com/conduitio/conduit/pkg/lifecycle.(*Service).runPipeline.func2","file":"/app/pkg/lifecycle/service.go","line":743},{"func":"github.com/conduitio/conduit/pkg/lifecycle/stream.(*DestinationNode).Run","file":"/app/pkg/lifecycle/stream/destination.go","line":81},{"func":"github.com/conduitio/conduit/pkg/connector.(*Destination).open","file":"/app/pkg/connector/destination.go","line":293}],"error":"node postgres-to-kafka:kafka-destination stopped with error: could not open destination connector: could not open destination connector plugin: failed to dial broker: unable to dial: dial tcp: lookup broker on 127.0.0.11:53: no such host","component":"lifecycle.Service","node_id":"postgres-to-kafka:kafka-destination","time":1742314026208,"message":"node stopped"}
benchi-conduit  | {"level":"info","component":"lifecycle.Service","pipeline_id":"postgres-to-kafka","duration":29856.319789,"attempt":5,"time":1742314026208,"message":"restarting with backoff"}
benchi-conduit  | {"level":"info","component":"lifecycle.Service","pipeline_id":"postgres-to-kafka","time":1742314056065,"message":"pipeline started"}
benchi-conduit  | {"level":"info","connector_id":"postgres-to-kafka-dlq","component":"connector.Destination","time":1742314056066,"message":"destination connector plugin successfully started"}
benchi-conduit  | {"level":"warn","connector_id":"postgres-to-kafka:kafka-destination","plugin_type":"destination","plugin_name":"builtin:kafka","component":"plugin","addr":"addr","addr":"broker","addr":"err","time":1742314056076,"message":"unable to open connection to broker"}
benchi-conduit  | {"level":"error","stack":[{"func":"github.com/conduitio/conduit/pkg/lifecycle.(*Service).runPipeline.func2","file":"/app/pkg/lifecycle/service.go","line":743},{"func":"github.com/conduitio/conduit/pkg/lifecycle/stream.(*SourceNode).Run","file":"/app/pkg/lifecycle/stream/source.go","line":120},{"func":"github.com/conduitio/conduit/pkg/connector.(*Source).open","file":"/app/pkg/connector/source.go","line":308}],"error":"node postgres-to-kafka:postgres-source stopped with error: could not open source connector: could not open source connector plugin: failed to find primary key for table employees: failed to query table keys: failed to connect to `user=meroxauser database=meroxadb`:\n\thostname resolving error: lookup source-postgres on 127.0.0.11:53: no such host\n\tlookup source-postgres on 127.0.0.11:53: no such host","component":"lifecycle.Service","node_id":"postgres-to-kafka:postgres-source","time":1742314056080,"message":"node stopped"}
benchi-conduit  | {"level":"error","stack":[{"func":"github.com/conduitio/conduit/pkg/lifecycle.(*Service).runPipeline.func2","file":"/app/pkg/lifecycle/service.go","line":743}],"error":"node postgres-to-kafka:kafka-destination-acker stopped with error: context canceled","component":"lifecycle.Service","node_id":"postgres-to-kafka:kafka-destination-acker","time":1742314056080,"message":"node stopped"}
benchi-conduit  | {"level":"info","connector_id":"postgres-to-kafka-dlq","component":"connector.Destination","time":1742314056080,"message":"destination connector plugin successfully torn down"}
benchi-conduit  | {"level":"error","stack":[{"func":"github.com/conduitio/conduit/pkg/lifecycle.(*Service).runPipeline.func2","file":"/app/pkg/lifecycle/service.go","line":743}],"error":"node postgres-to-kafka:postgres-source-metrics stopped with error: context canceled","component":"lifecycle.Service","node_id":"postgres-to-kafka:postgres-source-metrics","time":1742314056080,"message":"node stopped"}
benchi-conduit  | {"level":"error","stack":[{"func":"github.com/conduitio/conduit/pkg/lifecycle.(*Service).runPipeline.func2","file":"/app/pkg/lifecycle/service.go","line":743}],"error":"node postgres-to-kafka:kafka-destination-metrics stopped with error: context canceled","component":"lifecycle.Service","node_id":"postgres-to-kafka:kafka-destination-metrics","time":1742314056080,"message":"node stopped"}
benchi-conduit  | {"level":"error","stack":[{"func":"github.com/conduitio/conduit/pkg/lifecycle.(*Service).runPipeline.func2","file":"/app/pkg/lifecycle/service.go","line":743}],"error":"node fanin stopped with error: context canceled","component":"lifecycle.Service","node_id":"fanin","time":1742314056080,"message":"node stopped"}
benchi-conduit  | {"level":"error","stack":[{"func":"github.com/conduitio/conduit/pkg/lifecycle.(*Service).runPipeline.func2","file":"/app/pkg/lifecycle/service.go","line":743}],"error":"node fanout stopped with error: context canceled","component":"lifecycle.Service","node_id":"fanout","time":1742314056080,"message":"node stopped"}
benchi-conduit  | {"level":"warn","connector_id":"postgres-to-kafka:kafka-destination","plugin_type":"destination","plugin_name":"builtin:kafka","component":"plugin","time":1742314057078,"message":"failed to dial broker, trying again..."}
benchi-conduit  | {"level":"warn","connector_id":"postgres-to-kafka:kafka-destination","plugin_type":"destination","plugin_name":"builtin:kafka","component":"plugin","addr":"addr","addr":"broker","addr":"err","time":1742314057084,"message":"unable to open connection to broker"}
benchi-conduit  | {"level":"warn","connector_id":"postgres-to-kafka:kafka-destination","plugin_type":"destination","plugin_name":"builtin:kafka","component":"plugin","time":1742314058085,"message":"failed to dial broker, trying again..."}
benchi-conduit  | {"level":"warn","connector_id":"postgres-to-kafka:kafka-destination","plugin_type":"destination","plugin_name":"builtin:kafka","component":"plugin","addr":"addr","addr":"broker","addr":"err","time":1742314058091,"message":"unable to open connection to broker"}
benchi-conduit  | {"level":"warn","connector_id":"postgres-to-kafka:kafka-destination","plugin_type":"destination","plugin_name":"builtin:kafka","component":"plugin","time":1742314059093,"message":"failed to dial broker, trying again..."}
benchi-conduit  | {"level":"warn","connector_id":"postgres-to-kafka:kafka-destination","plugin_type":"destination","plugin_name":"builtin:kafka","component":"plugin","addr":"addr","addr":"broker","addr":"err","time":1742314059098,"message":"unable to open connection to broker"}
benchi-conduit  | {"level":"warn","connector_id":"postgres-to-kafka:kafka-destination","plugin_type":"destination","plugin_name":"builtin:kafka","component":"plugin","time":1742314060100,"message":"failed to dial broker, trying again..."}
benchi-conduit  | {"level":"warn","connector_id":"postgres-to-kafka:kafka-destination","plugin_type":"destination","plugin_name":"builtin:kafka","component":"plugin","addr":"addr","addr":"broker","addr":"err","time":1742314060108,"message":"unable to open connection to broker"}
benchi-conduit  | {"level":"warn","connector_id":"postgres-to-kafka:kafka-destination","plugin_type":"destination","plugin_name":"builtin:kafka","component":"plugin","time":1742314061108,"message":"failed to dial broker, trying again..."}
benchi-conduit  | {"level":"warn","connector_id":"postgres-to-kafka:kafka-destination","plugin_type":"destination","plugin_name":"builtin:kafka","component":"plugin","addr":"addr","addr":"broker","addr":"err","time":1742314061116,"message":"unable to open connection to broker"}
benchi-conduit  | {"level":"warn","connector_id":"postgres-to-kafka:kafka-destination","plugin_type":"destination","plugin_name":"builtin:kafka","component":"plugin","time":1742314062117,"message":"failed to dial broker, trying again..."}
benchi-conduit  | {"level":"warn","connector_id":"postgres-to-kafka:kafka-destination","plugin_type":"destination","plugin_name":"builtin:kafka","component":"plugin","addr":"addr","addr":"broker","addr":"err","time":1742314062124,"message":"unable to open connection to broker"}
benchi-conduit  | {"level":"warn","connector_id":"postgres-to-kafka:kafka-destination","plugin_type":"destination","plugin_name":"builtin:kafka","component":"plugin","time":1742314063127,"message":"failed to dial broker, trying again..."}
benchi-conduit  | {"level":"warn","connector_id":"postgres-to-kafka:kafka-destination","plugin_type":"destination","plugin_name":"builtin:kafka","component":"plugin","addr":"addr","addr":"broker","addr":"err","time":1742314063136,"message":"unable to open connection to broker"}
benchi-conduit  | {"level":"warn","connector_id":"postgres-to-kafka:kafka-destination","plugin_type":"destination","plugin_name":"builtin:kafka","component":"plugin","time":1742314064137,"message":"failed to dial broker, trying again..."}
benchi-conduit  | {"level":"warn","connector_id":"postgres-to-kafka:kafka-destination","plugin_type":"destination","plugin_name":"builtin:kafka","component":"plugin","addr":"addr","addr":"broker","addr":"err","time":1742314064141,"message":"unable to open connection to broker"}
benchi-conduit  | {"level":"warn","connector_id":"postgres-to-kafka:kafka-destination","plugin_type":"destination","plugin_name":"builtin:kafka","component":"plugin","time":1742314065142,"message":"failed to dial broker, trying again..."}
benchi-conduit  | {"level":"warn","connector_id":"postgres-to-kafka:kafka-destination","plugin_type":"destination","plugin_name":"builtin:kafka","component":"plugin","addr":"addr","addr":"broker","addr":"err","time":1742314065146,"message":"unable to open connection to broker"}
benchi-conduit  | {"level":"warn","connector_id":"postgres-to-kafka:kafka-destination","plugin_type":"destination","plugin_name":"builtin:kafka","component":"plugin","time":1742314066147,"message":"failed to dial broker, trying again..."}
benchi-conduit  | {"level":"error","stack":[{"func":"github.com/conduitio/conduit/pkg/lifecycle.(*Service).runPipeline.func2","file":"/app/pkg/lifecycle/service.go","line":743},{"func":"github.com/conduitio/conduit/pkg/lifecycle/stream.(*DestinationNode).Run","file":"/app/pkg/lifecycle/stream/destination.go","line":81},{"func":"github.com/conduitio/conduit/pkg/connector.(*Destination).open","file":"/app/pkg/connector/destination.go","line":293}],"error":"node postgres-to-kafka:kafka-destination stopped with error: could not open destination connector: could not open destination connector plugin: failed to dial broker: unable to dial: dial tcp: lookup broker on 127.0.0.11:53: no such host","component":"lifecycle.Service","node_id":"postgres-to-kafka:kafka-destination","time":1742314066147,"message":"node stopped"}
benchi-conduit  | {"level":"info","component":"lifecycle.Service","pipeline_id":"postgres-to-kafka","duration":2050.844275,"attempt":6,"time":1742314066148,"message":"restarting with backoff"}
benchi-conduit  | {"level":"info","component":"lifecycle.Service","pipeline_id":"postgres-to-kafka","time":1742314068203,"message":"pipeline started"}
benchi-conduit  | {"level":"info","connector_id":"postgres-to-kafka-dlq","component":"connector.Destination","time":1742314068204,"message":"destination connector plugin successfully started"}
benchi-conduit  | {"level":"warn","connector_id":"postgres-to-kafka:kafka-destination","plugin_type":"destination","plugin_name":"builtin:kafka","component":"plugin","addr":"addr","addr":"broker","addr":"err","time":1742314068210,"message":"unable to open connection to broker"}
benchi-conduit  | {"level":"error","stack":[{"func":"github.com/conduitio/conduit/pkg/lifecycle.(*Service).runPipeline.func2","file":"/app/pkg/lifecycle/service.go","line":743},{"func":"github.com/conduitio/conduit/pkg/lifecycle/stream.(*SourceNode).Run","file":"/app/pkg/lifecycle/stream/source.go","line":120},{"func":"github.com/conduitio/conduit/pkg/connector.(*Source).open","file":"/app/pkg/connector/source.go","line":308}],"error":"node postgres-to-kafka:postgres-source stopped with error: could not open source connector: could not open source connector plugin: failed to find primary key for table employees: failed to query table keys: failed to connect to `user=meroxauser database=meroxadb`:\n\thostname resolving error: lookup source-postgres on 127.0.0.11:53: no such host\n\tlookup source-postgres on 127.0.0.11:53: no such host","component":"lifecycle.Service","node_id":"postgres-to-kafka:postgres-source","time":1742314068213,"message":"node stopped"}
benchi-conduit  | {"level":"error","stack":[{"func":"github.com/conduitio/conduit/pkg/lifecycle.(*Service).runPipeline.func2","file":"/app/pkg/lifecycle/service.go","line":743}],"error":"node fanout stopped with error: context canceled","component":"lifecycle.Service","node_id":"fanout","time":1742314068213,"message":"node stopped"}
benchi-conduit  | {"level":"info","connector_id":"postgres-to-kafka-dlq","component":"connector.Destination","time":1742314068213,"message":"destination connector plugin successfully torn down"}
benchi-conduit  | {"level":"error","stack":[{"func":"github.com/conduitio/conduit/pkg/lifecycle.(*Service).runPipeline.func2","file":"/app/pkg/lifecycle/service.go","line":743}],"error":"node postgres-to-kafka:kafka-destination-metrics stopped with error: context canceled","component":"lifecycle.Service","node_id":"postgres-to-kafka:kafka-destination-metrics","time":1742314068213,"message":"node stopped"}
benchi-conduit  | {"level":"error","stack":[{"func":"github.com/conduitio/conduit/pkg/lifecycle.(*Service).runPipeline.func2","file":"/app/pkg/lifecycle/service.go","line":743}],"error":"node postgres-to-kafka:kafka-destination-acker stopped with error: context canceled","component":"lifecycle.Service","node_id":"postgres-to-kafka:kafka-destination-acker","time":1742314068213,"message":"node stopped"}
benchi-conduit  | {"level":"error","stack":[{"func":"github.com/conduitio/conduit/pkg/lifecycle.(*Service).runPipeline.func2","file":"/app/pkg/lifecycle/service.go","line":743}],"error":"node fanin stopped with error: context canceled","component":"lifecycle.Service","node_id":"fanin","time":1742314068213,"message":"node stopped"}
benchi-conduit  | {"level":"error","stack":[{"func":"github.com/conduitio/conduit/pkg/lifecycle.(*Service).runPipeline.func2","file":"/app/pkg/lifecycle/service.go","line":743}],"error":"node postgres-to-kafka:postgres-source-metrics stopped with error: context canceled","component":"lifecycle.Service","node_id":"postgres-to-kafka:postgres-source-metrics","time":1742314068213,"message":"node stopped"}
benchi-conduit  | {"level":"warn","connector_id":"postgres-to-kafka:kafka-destination","plugin_type":"destination","plugin_name":"builtin:kafka","component":"plugin","time":1742314069210,"message":"failed to dial broker, trying again..."}
benchi-conduit  | {"level":"warn","connector_id":"postgres-to-kafka:kafka-destination","plugin_type":"destination","plugin_name":"builtin:kafka","component":"plugin","addr":"addr","addr":"broker","addr":"err","time":1742314069215,"message":"unable to open connection to broker"}
benchi-conduit  | {"level":"warn","connector_id":"postgres-to-kafka:kafka-destination","plugin_type":"destination","plugin_name":"builtin:kafka","component":"plugin","time":1742314070216,"message":"failed to dial broker, trying again..."}
benchi-conduit  | {"level":"warn","connector_id":"postgres-to-kafka:kafka-destination","plugin_type":"destination","plugin_name":"builtin:kafka","component":"plugin","addr":"addr","addr":"broker","addr":"err","time":1742314070225,"message":"unable to open connection to broker"}
benchi-conduit  | {"level":"warn","connector_id":"postgres-to-kafka:kafka-destination","plugin_type":"destination","plugin_name":"builtin:kafka","component":"plugin","time":1742314071229,"message":"failed to dial broker, trying again..."}
benchi-conduit  | {"level":"warn","connector_id":"postgres-to-kafka:kafka-destination","plugin_type":"destination","plugin_name":"builtin:kafka","component":"plugin","addr":"addr","addr":"broker","addr":"err","time":1742314071233,"message":"unable to open connection to broker"}
benchi-conduit  | {"level":"warn","connector_id":"postgres-to-kafka:kafka-destination","plugin_type":"destination","plugin_name":"builtin:kafka","component":"plugin","time":1742314072235,"message":"failed to dial broker, trying again..."}
benchi-conduit  | {"level":"warn","connector_id":"postgres-to-kafka:kafka-destination","plugin_type":"destination","plugin_name":"builtin:kafka","component":"plugin","addr":"addr","addr":"broker","addr":"err","time":1742314072241,"message":"unable to open connection to broker"}
benchi-conduit  | {"level":"warn","connector_id":"postgres-to-kafka:kafka-destination","plugin_type":"destination","plugin_name":"builtin:kafka","component":"plugin","time":1742314073242,"message":"failed to dial broker, trying again..."}
benchi-conduit  | {"level":"warn","connector_id":"postgres-to-kafka:kafka-destination","plugin_type":"destination","plugin_name":"builtin:kafka","component":"plugin","addr":"addr","addr":"broker","addr":"err","time":1742314073247,"message":"unable to open connection to broker"}
benchi-conduit  | {"level":"warn","connector_id":"postgres-to-kafka:kafka-destination","plugin_type":"destination","plugin_name":"builtin:kafka","component":"plugin","time":1742314074251,"message":"failed to dial broker, trying again..."}
benchi-conduit  | {"level":"warn","connector_id":"postgres-to-kafka:kafka-destination","plugin_type":"destination","plugin_name":"builtin:kafka","component":"plugin","addr":"addr","addr":"broker","addr":"err","time":1742314074257,"message":"unable to open connection to broker"}
[Kbenchi-conduit exited with code 2
