 Container benchi-conduit  Creating
 Container benchi-conduit  Created
Attaching to benchi-conduit
benchi-conduit  | {"level":"info","component":"badger.DB","time":1742313806151,"message":"All 0 tables opened in 0s"}
benchi-conduit  | {"level":"info","component":"badger.DB","time":1742313806152,"message":"Discard stats nextEmptySlot: 0"}
benchi-conduit  | {"level":"info","component":"badger.DB","time":1742313806152,"message":"Set nextTxnTs to 0"}
benchi-conduit  | {"level":"info","component":"plugin.processor.standalone.Registry","time":1742313806154,"message":"loading processor plugins from directory /app/processors ..."}
benchi-conduit  | {"level":"warn","component":"plugin.processor.standalone.Registry","error":"open /app/processors: no such file or directory","time":1742313806154,"message":"could not read processor plugin directory"}
benchi-conduit  | {"level":"info","component":"plugin.processor.standalone.Registry","plugin_path":"/app/processors","count":0,"time":1742313806154,"message":"standalone processor plugins initialized"}
benchi-conduit  | {"level":"info","component":"plugin.processor.builtin.Registry","count":17,"time":1742313806154,"message":"builtin processor plugins initialized"}
benchi-conduit  | {"level":"info","component":"processor.Service","count":0,"time":1742313806155,"message":"processors initialized"}
benchi-conduit  | {"level":"info","address":"[::]:43017","time":1742313806155,"message":"connector utilities started"}
benchi-conduit  | {"level":"info","time":1742313806155,"message":"connector utilities started on [::]:43017"}
benchi-conduit  | {"level":"info","component":"plugin.connector.builtin.Registry","count":6,"time":1742313806155,"message":"builtin connector plugins initialized"}
benchi-conduit  | {"level":"warn","component":"plugin.connector.standalone.Registry","error":"open /app/connectors: no such file or directory","time":1742313806155,"message":"could not read connector plugin directory"}
benchi-conduit  | {"level":"info","component":"plugin.connector.standalone.Registry","plugin_path":"/app/connectors","count":0,"time":1742313806155,"message":"standalone connector plugins initialized"}
benchi-conduit  | {"level":"info","component":"connector.Service","count":0,"time":1742313806155,"message":"connectors initialized"}
benchi-conduit  | {"level":"info","component":"pipeline.Service","count":0,"time":1742313806155,"message":"pipelines initialized"}
benchi-conduit  | {"level":"info","component":"lifecycle.Service","pipeline_id":"postgres-to-kafka","time":1742313806158,"message":"pipeline started"}
benchi-conduit  | {"level":"info","component":"provisioning.Service","created":["postgres-to-kafka"],"deleted":[],"pipelines_path":"/app/pipelines","time":1742313806158,"message":"pipeline configs provisioned"}
benchi-conduit  | {"level":"info","address":"[::]:8084","time":1742313806158,"message":"grpc API started"}
benchi-conduit  | {"level":"info","address":"[::]:8080","time":1742313806159,"message":"http API started"}
benchi-conduit  | {"level":"info","time":1742313806159}
benchi-conduit  | {"level":"info","time":1742313806159,"message":"click here to navigate to explore the HTTP API: http://localhost:8080/openapi"}
benchi-conduit  | {"level":"info","time":1742313806159}
benchi-conduit  | {"level":"info","connector_id":"postgres-to-kafka-dlq","component":"connector.Destination","time":1742313806159,"message":"destination connector plugin successfully started"}
benchi-conduit  | {"level":"error","stack":[{"func":"github.com/conduitio/conduit/pkg/lifecycle.(*Service).runPipeline.func2","file":"/app/pkg/lifecycle/service.go","line":743},{"func":"github.com/conduitio/conduit/pkg/lifecycle/stream.(*SourceNode).Run","file":"/app/pkg/lifecycle/stream/source.go","line":120},{"func":"github.com/conduitio/conduit/pkg/connector.(*Source).open","file":"/app/pkg/connector/source.go","line":308}],"error":"node postgres-to-kafka:postgres-source stopped with error: could not open source connector: could not open source connector plugin: failed to find primary key for table employees: failed to query table keys: failed to connect to `user=meroxauser database=meroxadb`:\n\thostname resolving error: lookup source-postgres on 127.0.0.11:53: no such host\n\tlookup source-postgres on 127.0.0.11:53: no such host","component":"lifecycle.Service","node_id":"postgres-to-kafka:postgres-source","time":1742313806205,"message":"node stopped"}
benchi-conduit  | {"level":"error","stack":[{"func":"github.com/conduitio/conduit/pkg/lifecycle.(*Service).runPipeline.func2","file":"/app/pkg/lifecycle/service.go","line":743}],"error":"node postgres-to-kafka:postgres-source-metrics stopped with error: context canceled","component":"lifecycle.Service","node_id":"postgres-to-kafka:postgres-source-metrics","time":1742313806205,"message":"node stopped"}
benchi-conduit  | {"level":"error","stack":[{"func":"github.com/conduitio/conduit/pkg/lifecycle.(*Service).runPipeline.func2","file":"/app/pkg/lifecycle/service.go","line":743}],"error":"node postgres-to-kafka:kafka-destination-acker stopped with error: context canceled","component":"lifecycle.Service","node_id":"postgres-to-kafka:kafka-destination-acker","time":1742313806205,"message":"node stopped"}
benchi-conduit  | {"level":"error","stack":[{"func":"github.com/conduitio/conduit/pkg/lifecycle.(*Service).runPipeline.func2","file":"/app/pkg/lifecycle/service.go","line":743}],"error":"node postgres-to-kafka:kafka-destination-metrics stopped with error: context canceled","component":"lifecycle.Service","node_id":"postgres-to-kafka:kafka-destination-metrics","time":1742313806205,"message":"node stopped"}
benchi-conduit  | {"level":"info","connector_id":"postgres-to-kafka-dlq","component":"connector.Destination","time":1742313806205,"message":"destination connector plugin successfully torn down"}
benchi-conduit  | {"level":"error","stack":[{"func":"github.com/conduitio/conduit/pkg/lifecycle.(*Service).runPipeline.func2","file":"/app/pkg/lifecycle/service.go","line":743}],"error":"node fanout stopped with error: context canceled","component":"lifecycle.Service","node_id":"fanout","time":1742313806205,"message":"node stopped"}
benchi-conduit  | {"level":"error","stack":[{"func":"github.com/conduitio/conduit/pkg/lifecycle.(*Service).runPipeline.func2","file":"/app/pkg/lifecycle/service.go","line":743}],"error":"node fanin stopped with error: context canceled","component":"lifecycle.Service","node_id":"fanin","time":1742313806205,"message":"node stopped"}
benchi-conduit  | {"level":"warn","connector_id":"postgres-to-kafka:kafka-destination","plugin_type":"destination","plugin_name":"builtin:kafka","component":"plugin","addr":"addr","addr":"broker","addr":"err","time":1742313806286,"message":"unable to open connection to broker"}
benchi-conduit  | {"level":"warn","connector_id":"postgres-to-kafka:kafka-destination","plugin_type":"destination","plugin_name":"builtin:kafka","component":"plugin","time":1742313807287,"message":"failed to dial broker, trying again..."}
benchi-conduit  | {"level":"warn","connector_id":"postgres-to-kafka:kafka-destination","plugin_type":"destination","plugin_name":"builtin:kafka","component":"plugin","addr":"addr","addr":"broker","addr":"err","time":1742313807292,"message":"unable to open connection to broker"}
benchi-conduit  | {"level":"warn","connector_id":"postgres-to-kafka:kafka-destination","plugin_type":"destination","plugin_name":"builtin:kafka","component":"plugin","time":1742313808297,"message":"failed to dial broker, trying again..."}
benchi-conduit  | {"level":"warn","connector_id":"postgres-to-kafka:kafka-destination","plugin_type":"destination","plugin_name":"builtin:kafka","component":"plugin","addr":"addr","addr":"broker","addr":"err","time":1742313808306,"message":"unable to open connection to broker"}
benchi-conduit  | {"level":"warn","connector_id":"postgres-to-kafka:kafka-destination","plugin_type":"destination","plugin_name":"builtin:kafka","component":"plugin","time":1742313809308,"message":"failed to dial broker, trying again..."}
benchi-conduit  | {"level":"warn","connector_id":"postgres-to-kafka:kafka-destination","plugin_type":"destination","plugin_name":"builtin:kafka","component":"plugin","addr":"addr","addr":"broker","addr":"err","time":1742313809313,"message":"unable to open connection to broker"}
benchi-conduit  | {"level":"warn","connector_id":"postgres-to-kafka:kafka-destination","plugin_type":"destination","plugin_name":"builtin:kafka","component":"plugin","time":1742313810316,"message":"failed to dial broker, trying again..."}
benchi-conduit  | {"level":"warn","connector_id":"postgres-to-kafka:kafka-destination","plugin_type":"destination","plugin_name":"builtin:kafka","component":"plugin","addr":"addr","addr":"broker","addr":"err","time":1742313810323,"message":"unable to open connection to broker"}
benchi-conduit  | {"level":"warn","connector_id":"postgres-to-kafka:kafka-destination","plugin_type":"destination","plugin_name":"builtin:kafka","component":"plugin","time":1742313811324,"message":"failed to dial broker, trying again..."}
benchi-conduit  | {"level":"warn","connector_id":"postgres-to-kafka:kafka-destination","plugin_type":"destination","plugin_name":"builtin:kafka","component":"plugin","addr":"addr","addr":"broker","addr":"err","time":1742313811329,"message":"unable to open connection to broker"}
benchi-conduit  | {"level":"warn","connector_id":"postgres-to-kafka:kafka-destination","plugin_type":"destination","plugin_name":"builtin:kafka","component":"plugin","time":1742313812331,"message":"failed to dial broker, trying again..."}
benchi-conduit  | {"level":"warn","connector_id":"postgres-to-kafka:kafka-destination","plugin_type":"destination","plugin_name":"builtin:kafka","component":"plugin","addr":"addr","addr":"broker","addr":"err","time":1742313812337,"message":"unable to open connection to broker"}
benchi-conduit  | {"level":"warn","connector_id":"postgres-to-kafka:kafka-destination","plugin_type":"destination","plugin_name":"builtin:kafka","component":"plugin","time":1742313813338,"message":"failed to dial broker, trying again..."}
benchi-conduit  | {"level":"warn","connector_id":"postgres-to-kafka:kafka-destination","plugin_type":"destination","plugin_name":"builtin:kafka","component":"plugin","addr":"addr","addr":"broker","addr":"err","time":1742313813343,"message":"unable to open connection to broker"}
benchi-conduit  | {"level":"warn","connector_id":"postgres-to-kafka:kafka-destination","plugin_type":"destination","plugin_name":"builtin:kafka","component":"plugin","time":1742313814343,"message":"failed to dial broker, trying again..."}
benchi-conduit  | {"level":"warn","connector_id":"postgres-to-kafka:kafka-destination","plugin_type":"destination","plugin_name":"builtin:kafka","component":"plugin","addr":"addr","addr":"broker","addr":"err","time":1742313814349,"message":"unable to open connection to broker"}
benchi-conduit  | {"level":"warn","connector_id":"postgres-to-kafka:kafka-destination","plugin_type":"destination","plugin_name":"builtin:kafka","component":"plugin","time":1742313815349,"message":"failed to dial broker, trying again..."}
benchi-conduit  | {"level":"warn","connector_id":"postgres-to-kafka:kafka-destination","plugin_type":"destination","plugin_name":"builtin:kafka","component":"plugin","addr":"addr","addr":"broker","addr":"err","time":1742313815352,"message":"unable to open connection to broker"}
benchi-conduit  | {"level":"warn","connector_id":"postgres-to-kafka:kafka-destination","plugin_type":"destination","plugin_name":"builtin:kafka","component":"plugin","time":1742313816354,"message":"failed to dial broker, trying again..."}
benchi-conduit  | {"level":"error","stack":[{"func":"github.com/conduitio/conduit/pkg/lifecycle.(*Service).runPipeline.func2","file":"/app/pkg/lifecycle/service.go","line":743},{"func":"github.com/conduitio/conduit/pkg/lifecycle/stream.(*DestinationNode).Run","file":"/app/pkg/lifecycle/stream/destination.go","line":81},{"func":"github.com/conduitio/conduit/pkg/connector.(*Destination).open","file":"/app/pkg/connector/destination.go","line":293}],"error":"node postgres-to-kafka:kafka-destination stopped with error: could not open destination connector: could not open destination connector plugin: failed to dial broker: unable to dial: dial tcp: lookup broker on 127.0.0.11:53: no such host","component":"lifecycle.Service","node_id":"postgres-to-kafka:kafka-destination","time":1742313816355,"message":"node stopped"}
benchi-conduit  | {"level":"info","component":"lifecycle.Service","pipeline_id":"postgres-to-kafka","duration":1206.269361,"attempt":1,"time":1742313816355,"message":"restarting with backoff"}
benchi-conduit  | {"level":"info","component":"lifecycle.Service","pipeline_id":"postgres-to-kafka","time":1742313817562,"message":"pipeline started"}
benchi-conduit  | {"level":"info","connector_id":"postgres-to-kafka-dlq","component":"connector.Destination","time":1742313817563,"message":"destination connector plugin successfully started"}
benchi-conduit  | {"level":"warn","connector_id":"postgres-to-kafka:kafka-destination","plugin_type":"destination","plugin_name":"builtin:kafka","component":"plugin","addr":"addr","addr":"broker","addr":"err","time":1742313817570,"message":"unable to open connection to broker"}
benchi-conduit  | {"level":"error","stack":[{"func":"github.com/conduitio/conduit/pkg/lifecycle.(*Service).runPipeline.func2","file":"/app/pkg/lifecycle/service.go","line":743},{"func":"github.com/conduitio/conduit/pkg/lifecycle/stream.(*SourceNode).Run","file":"/app/pkg/lifecycle/stream/source.go","line":120},{"func":"github.com/conduitio/conduit/pkg/connector.(*Source).open","file":"/app/pkg/connector/source.go","line":308}],"error":"node postgres-to-kafka:postgres-source stopped with error: could not open source connector: could not open source connector plugin: failed to find primary key for table employees: failed to query table keys: failed to connect to `user=meroxauser database=meroxadb`:\n\thostname resolving error: lookup source-postgres on 127.0.0.11:53: no such host\n\tlookup source-postgres on 127.0.0.11:53: no such host","component":"lifecycle.Service","node_id":"postgres-to-kafka:postgres-source","time":1742313817574,"message":"node stopped"}
benchi-conduit  | {"level":"error","stack":[{"func":"github.com/conduitio/conduit/pkg/lifecycle.(*Service).runPipeline.func2","file":"/app/pkg/lifecycle/service.go","line":743}],"error":"node postgres-to-kafka:kafka-destination-acker stopped with error: context canceled","component":"lifecycle.Service","node_id":"postgres-to-kafka:kafka-destination-acker","time":1742313817574,"message":"node stopped"}
benchi-conduit  | {"level":"info","connector_id":"postgres-to-kafka-dlq","component":"connector.Destination","time":1742313817574,"message":"destination connector plugin successfully torn down"}
benchi-conduit  | {"level":"error","stack":[{"func":"github.com/conduitio/conduit/pkg/lifecycle.(*Service).runPipeline.func2","file":"/app/pkg/lifecycle/service.go","line":743}],"error":"node postgres-to-kafka:kafka-destination-metrics stopped with error: context canceled","component":"lifecycle.Service","node_id":"postgres-to-kafka:kafka-destination-metrics","time":1742313817574,"message":"node stopped"}
benchi-conduit  | {"level":"error","stack":[{"func":"github.com/conduitio/conduit/pkg/lifecycle.(*Service).runPipeline.func2","file":"/app/pkg/lifecycle/service.go","line":743}],"error":"node postgres-to-kafka:postgres-source-metrics stopped with error: context canceled","component":"lifecycle.Service","node_id":"postgres-to-kafka:postgres-source-metrics","time":1742313817574,"message":"node stopped"}
benchi-conduit  | {"level":"error","stack":[{"func":"github.com/conduitio/conduit/pkg/lifecycle.(*Service).runPipeline.func2","file":"/app/pkg/lifecycle/service.go","line":743}],"error":"node fanin stopped with error: context canceled","component":"lifecycle.Service","node_id":"fanin","time":1742313817574,"message":"node stopped"}
benchi-conduit  | {"level":"error","stack":[{"func":"github.com/conduitio/conduit/pkg/lifecycle.(*Service).runPipeline.func2","file":"/app/pkg/lifecycle/service.go","line":743}],"error":"node fanout stopped with error: context canceled","component":"lifecycle.Service","node_id":"fanout","time":1742313817574,"message":"node stopped"}
benchi-conduit  | {"level":"warn","connector_id":"postgres-to-kafka:kafka-destination","plugin_type":"destination","plugin_name":"builtin:kafka","component":"plugin","time":1742313818570,"message":"failed to dial broker, trying again..."}
benchi-conduit  | {"level":"warn","connector_id":"postgres-to-kafka:kafka-destination","plugin_type":"destination","plugin_name":"builtin:kafka","component":"plugin","addr":"addr","addr":"broker","addr":"err","time":1742313818574,"message":"unable to open connection to broker"}
benchi-conduit  | {"level":"warn","connector_id":"postgres-to-kafka:kafka-destination","plugin_type":"destination","plugin_name":"builtin:kafka","component":"plugin","time":1742313819576,"message":"failed to dial broker, trying again..."}
benchi-conduit  | {"level":"warn","connector_id":"postgres-to-kafka:kafka-destination","plugin_type":"destination","plugin_name":"builtin:kafka","component":"plugin","addr":"addr","addr":"broker","addr":"err","time":1742313819581,"message":"unable to open connection to broker"}
benchi-conduit  | {"level":"warn","connector_id":"postgres-to-kafka:kafka-destination","plugin_type":"destination","plugin_name":"builtin:kafka","component":"plugin","time":1742313820583,"message":"failed to dial broker, trying again..."}
benchi-conduit  | {"level":"warn","connector_id":"postgres-to-kafka:kafka-destination","plugin_type":"destination","plugin_name":"builtin:kafka","component":"plugin","addr":"addr","addr":"broker","addr":"err","time":1742313820588,"message":"unable to open connection to broker"}
benchi-conduit  | {"level":"warn","connector_id":"postgres-to-kafka:kafka-destination","plugin_type":"destination","plugin_name":"builtin:kafka","component":"plugin","time":1742313821589,"message":"failed to dial broker, trying again..."}
benchi-conduit  | {"level":"warn","connector_id":"postgres-to-kafka:kafka-destination","plugin_type":"destination","plugin_name":"builtin:kafka","component":"plugin","addr":"addr","addr":"broker","addr":"err","time":1742313821595,"message":"unable to open connection to broker"}
benchi-conduit  | {"level":"warn","connector_id":"postgres-to-kafka:kafka-destination","plugin_type":"destination","plugin_name":"builtin:kafka","component":"plugin","time":1742313822596,"message":"failed to dial broker, trying again..."}
benchi-conduit  | {"level":"warn","connector_id":"postgres-to-kafka:kafka-destination","plugin_type":"destination","plugin_name":"builtin:kafka","component":"plugin","addr":"addr","addr":"broker","addr":"err","time":1742313822604,"message":"unable to open connection to broker"}
benchi-conduit  | {"level":"warn","connector_id":"postgres-to-kafka:kafka-destination","plugin_type":"destination","plugin_name":"builtin:kafka","component":"plugin","time":1742313823604,"message":"failed to dial broker, trying again..."}
benchi-conduit  | {"level":"warn","connector_id":"postgres-to-kafka:kafka-destination","plugin_type":"destination","plugin_name":"builtin:kafka","component":"plugin","addr":"addr","addr":"broker","addr":"err","time":1742313823610,"message":"unable to open connection to broker"}
benchi-conduit  | {"level":"warn","connector_id":"postgres-to-kafka:kafka-destination","plugin_type":"destination","plugin_name":"builtin:kafka","component":"plugin","time":1742313824612,"message":"failed to dial broker, trying again..."}
benchi-conduit  | {"level":"warn","connector_id":"postgres-to-kafka:kafka-destination","plugin_type":"destination","plugin_name":"builtin:kafka","component":"plugin","addr":"addr","addr":"broker","addr":"err","time":1742313824620,"message":"unable to open connection to broker"}
benchi-conduit  | {"level":"warn","connector_id":"postgres-to-kafka:kafka-destination","plugin_type":"destination","plugin_name":"builtin:kafka","component":"plugin","time":1742313825621,"message":"failed to dial broker, trying again..."}
benchi-conduit  | {"level":"warn","connector_id":"postgres-to-kafka:kafka-destination","plugin_type":"destination","plugin_name":"builtin:kafka","component":"plugin","addr":"addr","addr":"broker","addr":"err","time":1742313825629,"message":"unable to open connection to broker"}
benchi-conduit  | {"level":"warn","connector_id":"postgres-to-kafka:kafka-destination","plugin_type":"destination","plugin_name":"builtin:kafka","component":"plugin","time":1742313826631,"message":"failed to dial broker, trying again..."}
benchi-conduit  | {"level":"warn","connector_id":"postgres-to-kafka:kafka-destination","plugin_type":"destination","plugin_name":"builtin:kafka","component":"plugin","addr":"addr","addr":"broker","addr":"err","time":1742313826640,"message":"unable to open connection to broker"}
benchi-conduit  | {"level":"warn","connector_id":"postgres-to-kafka:kafka-destination","plugin_type":"destination","plugin_name":"builtin:kafka","component":"plugin","time":1742313827641,"message":"failed to dial broker, trying again..."}
benchi-conduit  | {"level":"error","stack":[{"func":"github.com/conduitio/conduit/pkg/lifecycle.(*Service).runPipeline.func2","file":"/app/pkg/lifecycle/service.go","line":743},{"func":"github.com/conduitio/conduit/pkg/lifecycle/stream.(*DestinationNode).Run","file":"/app/pkg/lifecycle/stream/destination.go","line":81},{"func":"github.com/conduitio/conduit/pkg/connector.(*Destination).open","file":"/app/pkg/connector/destination.go","line":293}],"error":"node postgres-to-kafka:kafka-destination stopped with error: could not open destination connector: could not open destination connector plugin: failed to dial broker: unable to dial: dial tcp: lookup broker on 127.0.0.11:53: no such host","component":"lifecycle.Service","node_id":"postgres-to-kafka:kafka-destination","time":1742313827642,"message":"node stopped"}
benchi-conduit  | {"level":"info","component":"lifecycle.Service","pipeline_id":"postgres-to-kafka","duration":3466.073906,"attempt":2,"time":1742313827642,"message":"restarting with backoff"}
benchi-conduit  | {"level":"info","component":"lifecycle.Service","pipeline_id":"postgres-to-kafka","time":1742313831109,"message":"pipeline started"}
benchi-conduit  | {"level":"info","connector_id":"postgres-to-kafka-dlq","component":"connector.Destination","time":1742313831109,"message":"destination connector plugin successfully started"}
benchi-conduit  | {"level":"warn","connector_id":"postgres-to-kafka:kafka-destination","plugin_type":"destination","plugin_name":"builtin:kafka","component":"plugin","addr":"addr","addr":"broker","addr":"err","time":1742313831121,"message":"unable to open connection to broker"}
benchi-conduit  | {"level":"error","stack":[{"func":"github.com/conduitio/conduit/pkg/lifecycle.(*Service).runPipeline.func2","file":"/app/pkg/lifecycle/service.go","line":743},{"func":"github.com/conduitio/conduit/pkg/lifecycle/stream.(*SourceNode).Run","file":"/app/pkg/lifecycle/stream/source.go","line":120},{"func":"github.com/conduitio/conduit/pkg/connector.(*Source).open","file":"/app/pkg/connector/source.go","line":308}],"error":"node postgres-to-kafka:postgres-source stopped with error: could not open source connector: could not open source connector plugin: failed to find primary key for table employees: failed to query table keys: failed to connect to `user=meroxauser database=meroxadb`:\n\thostname resolving error: lookup source-postgres on 127.0.0.11:53: no such host\n\tlookup source-postgres on 127.0.0.11:53: no such host","component":"lifecycle.Service","node_id":"postgres-to-kafka:postgres-source","time":1742313831122,"message":"node stopped"}
benchi-conduit  | {"level":"error","stack":[{"func":"github.com/conduitio/conduit/pkg/lifecycle.(*Service).runPipeline.func2","file":"/app/pkg/lifecycle/service.go","line":743}],"error":"node fanout stopped with error: context canceled","component":"lifecycle.Service","node_id":"fanout","time":1742313831122,"message":"node stopped"}
benchi-conduit  | {"level":"info","connector_id":"postgres-to-kafka-dlq","component":"connector.Destination","time":1742313831122,"message":"destination connector plugin successfully torn down"}
benchi-conduit  | {"level":"error","stack":[{"func":"github.com/conduitio/conduit/pkg/lifecycle.(*Service).runPipeline.func2","file":"/app/pkg/lifecycle/service.go","line":743}],"error":"node fanin stopped with error: context canceled","component":"lifecycle.Service","node_id":"fanin","time":1742313831122,"message":"node stopped"}
benchi-conduit  | {"level":"error","stack":[{"func":"github.com/conduitio/conduit/pkg/lifecycle.(*Service).runPipeline.func2","file":"/app/pkg/lifecycle/service.go","line":743}],"error":"node postgres-to-kafka:kafka-destination-acker stopped with error: context canceled","component":"lifecycle.Service","node_id":"postgres-to-kafka:kafka-destination-acker","time":1742313831122,"message":"node stopped"}
benchi-conduit  | {"level":"error","stack":[{"func":"github.com/conduitio/conduit/pkg/lifecycle.(*Service).runPipeline.func2","file":"/app/pkg/lifecycle/service.go","line":743}],"error":"node postgres-to-kafka:kafka-destination-metrics stopped with error: context canceled","component":"lifecycle.Service","node_id":"postgres-to-kafka:kafka-destination-metrics","time":1742313831122,"message":"node stopped"}
benchi-conduit  | {"level":"error","stack":[{"func":"github.com/conduitio/conduit/pkg/lifecycle.(*Service).runPipeline.func2","file":"/app/pkg/lifecycle/service.go","line":743}],"error":"node postgres-to-kafka:postgres-source-metrics stopped with error: context canceled","component":"lifecycle.Service","node_id":"postgres-to-kafka:postgres-source-metrics","time":1742313831122,"message":"node stopped"}
benchi-conduit  | {"level":"warn","connector_id":"postgres-to-kafka:kafka-destination","plugin_type":"destination","plugin_name":"builtin:kafka","component":"plugin","time":1742313832121,"message":"failed to dial broker, trying again..."}
benchi-conduit  | {"level":"warn","connector_id":"postgres-to-kafka:kafka-destination","plugin_type":"destination","plugin_name":"builtin:kafka","component":"plugin","addr":"addr","addr":"broker","addr":"err","time":1742313832128,"message":"unable to open connection to broker"}
benchi-conduit  | {"level":"warn","connector_id":"postgres-to-kafka:kafka-destination","plugin_type":"destination","plugin_name":"builtin:kafka","component":"plugin","time":1742313833129,"message":"failed to dial broker, trying again..."}
benchi-conduit  | {"level":"warn","connector_id":"postgres-to-kafka:kafka-destination","plugin_type":"destination","plugin_name":"builtin:kafka","component":"plugin","addr":"addr","addr":"broker","addr":"err","time":1742313833136,"message":"unable to open connection to broker"}
benchi-conduit  | {"level":"warn","connector_id":"postgres-to-kafka:kafka-destination","plugin_type":"destination","plugin_name":"builtin:kafka","component":"plugin","time":1742313834137,"message":"failed to dial broker, trying again..."}
benchi-conduit  | {"level":"warn","connector_id":"postgres-to-kafka:kafka-destination","plugin_type":"destination","plugin_name":"builtin:kafka","component":"plugin","addr":"addr","addr":"broker","addr":"err","time":1742313834142,"message":"unable to open connection to broker"}
benchi-conduit  | {"level":"warn","connector_id":"postgres-to-kafka:kafka-destination","plugin_type":"destination","plugin_name":"builtin:kafka","component":"plugin","time":1742313835143,"message":"failed to dial broker, trying again..."}
benchi-conduit  | {"level":"warn","connector_id":"postgres-to-kafka:kafka-destination","plugin_type":"destination","plugin_name":"builtin:kafka","component":"plugin","addr":"addr","addr":"broker","addr":"err","time":1742313835148,"message":"unable to open connection to broker"}
benchi-conduit  | {"level":"warn","connector_id":"postgres-to-kafka:kafka-destination","plugin_type":"destination","plugin_name":"builtin:kafka","component":"plugin","time":1742313836149,"message":"failed to dial broker, trying again..."}
benchi-conduit  | {"level":"warn","connector_id":"postgres-to-kafka:kafka-destination","plugin_type":"destination","plugin_name":"builtin:kafka","component":"plugin","addr":"addr","addr":"broker","addr":"err","time":1742313836158,"message":"unable to open connection to broker"}
benchi-conduit  | {"level":"warn","connector_id":"postgres-to-kafka:kafka-destination","plugin_type":"destination","plugin_name":"builtin:kafka","component":"plugin","time":1742313837160,"message":"failed to dial broker, trying again..."}
benchi-conduit  | {"level":"warn","connector_id":"postgres-to-kafka:kafka-destination","plugin_type":"destination","plugin_name":"builtin:kafka","component":"plugin","addr":"addr","addr":"broker","addr":"err","time":1742313837165,"message":"unable to open connection to broker"}
benchi-conduit  | {"level":"warn","connector_id":"postgres-to-kafka:kafka-destination","plugin_type":"destination","plugin_name":"builtin:kafka","component":"plugin","time":1742313838169,"message":"failed to dial broker, trying again..."}
benchi-conduit  | {"level":"warn","connector_id":"postgres-to-kafka:kafka-destination","plugin_type":"destination","plugin_name":"builtin:kafka","component":"plugin","addr":"addr","addr":"broker","addr":"err","time":1742313838175,"message":"unable to open connection to broker"}
benchi-conduit  | {"level":"warn","connector_id":"postgres-to-kafka:kafka-destination","plugin_type":"destination","plugin_name":"builtin:kafka","component":"plugin","time":1742313839178,"message":"failed to dial broker, trying again..."}
benchi-conduit  | {"level":"warn","connector_id":"postgres-to-kafka:kafka-destination","plugin_type":"destination","plugin_name":"builtin:kafka","component":"plugin","addr":"addr","addr":"broker","addr":"err","time":1742313839184,"message":"unable to open connection to broker"}
benchi-conduit  | {"level":"warn","connector_id":"postgres-to-kafka:kafka-destination","plugin_type":"destination","plugin_name":"builtin:kafka","component":"plugin","time":1742313840185,"message":"failed to dial broker, trying again..."}
benchi-conduit  | {"level":"warn","connector_id":"postgres-to-kafka:kafka-destination","plugin_type":"destination","plugin_name":"builtin:kafka","component":"plugin","addr":"addr","addr":"broker","addr":"err","time":1742313840189,"message":"unable to open connection to broker"}
benchi-conduit  | {"level":"warn","connector_id":"postgres-to-kafka:kafka-destination","plugin_type":"destination","plugin_name":"builtin:kafka","component":"plugin","time":1742313841191,"message":"failed to dial broker, trying again..."}
benchi-conduit  | {"level":"error","stack":[{"func":"github.com/conduitio/conduit/pkg/lifecycle.(*Service).runPipeline.func2","file":"/app/pkg/lifecycle/service.go","line":743},{"func":"github.com/conduitio/conduit/pkg/lifecycle/stream.(*DestinationNode).Run","file":"/app/pkg/lifecycle/stream/destination.go","line":81},{"func":"github.com/conduitio/conduit/pkg/connector.(*Destination).open","file":"/app/pkg/connector/destination.go","line":293}],"error":"node postgres-to-kafka:kafka-destination stopped with error: could not open destination connector: could not open destination connector plugin: failed to dial broker: unable to dial: dial tcp: lookup broker on 127.0.0.11:53: no such host","component":"lifecycle.Service","node_id":"postgres-to-kafka:kafka-destination","time":1742313841191,"message":"node stopped"}
benchi-conduit  | {"level":"info","component":"lifecycle.Service","pipeline_id":"postgres-to-kafka","duration":4490.432468,"attempt":3,"time":1742313841191,"message":"restarting with backoff"}
benchi-conduit  | {"level":"info","component":"lifecycle.Service","pipeline_id":"postgres-to-kafka","time":1742313845685,"message":"pipeline started"}
benchi-conduit  | {"level":"info","connector_id":"postgres-to-kafka-dlq","component":"connector.Destination","time":1742313845686,"message":"destination connector plugin successfully started"}
benchi-conduit  | {"level":"warn","connector_id":"postgres-to-kafka:kafka-destination","plugin_type":"destination","plugin_name":"builtin:kafka","component":"plugin","addr":"addr","addr":"broker","addr":"err","time":1742313845693,"message":"unable to open connection to broker"}
benchi-conduit  | {"level":"error","stack":[{"func":"github.com/conduitio/conduit/pkg/lifecycle.(*Service).runPipeline.func2","file":"/app/pkg/lifecycle/service.go","line":743},{"func":"github.com/conduitio/conduit/pkg/lifecycle/stream.(*SourceNode).Run","file":"/app/pkg/lifecycle/stream/source.go","line":120},{"func":"github.com/conduitio/conduit/pkg/connector.(*Source).open","file":"/app/pkg/connector/source.go","line":308}],"error":"node postgres-to-kafka:postgres-source stopped with error: could not open source connector: could not open source connector plugin: failed to find primary key for table employees: failed to query table keys: failed to connect to `user=meroxauser database=meroxadb`:\n\thostname resolving error: lookup source-postgres on 127.0.0.11:53: no such host\n\tlookup source-postgres on 127.0.0.11:53: no such host","component":"lifecycle.Service","node_id":"postgres-to-kafka:postgres-source","time":1742313845698,"message":"node stopped"}
benchi-conduit  | {"level":"error","stack":[{"func":"github.com/conduitio/conduit/pkg/lifecycle.(*Service).runPipeline.func2","file":"/app/pkg/lifecycle/service.go","line":743}],"error":"node postgres-to-kafka:kafka-destination-metrics stopped with error: context canceled","component":"lifecycle.Service","node_id":"postgres-to-kafka:kafka-destination-metrics","time":1742313845698,"message":"node stopped"}
benchi-conduit  | {"level":"info","connector_id":"postgres-to-kafka-dlq","component":"connector.Destination","time":1742313845698,"message":"destination connector plugin successfully torn down"}
benchi-conduit  | {"level":"error","stack":[{"func":"github.com/conduitio/conduit/pkg/lifecycle.(*Service).runPipeline.func2","file":"/app/pkg/lifecycle/service.go","line":743}],"error":"node postgres-to-kafka:kafka-destination-acker stopped with error: context canceled","component":"lifecycle.Service","node_id":"postgres-to-kafka:kafka-destination-acker","time":1742313845698,"message":"node stopped"}
benchi-conduit  | {"level":"error","stack":[{"func":"github.com/conduitio/conduit/pkg/lifecycle.(*Service).runPipeline.func2","file":"/app/pkg/lifecycle/service.go","line":743}],"error":"node fanout stopped with error: context canceled","component":"lifecycle.Service","node_id":"fanout","time":1742313845698,"message":"node stopped"}
benchi-conduit  | {"level":"error","stack":[{"func":"github.com/conduitio/conduit/pkg/lifecycle.(*Service).runPipeline.func2","file":"/app/pkg/lifecycle/service.go","line":743}],"error":"node fanin stopped with error: context canceled","component":"lifecycle.Service","node_id":"fanin","time":1742313845698,"message":"node stopped"}
benchi-conduit  | {"level":"error","stack":[{"func":"github.com/conduitio/conduit/pkg/lifecycle.(*Service).runPipeline.func2","file":"/app/pkg/lifecycle/service.go","line":743}],"error":"node postgres-to-kafka:postgres-source-metrics stopped with error: context canceled","component":"lifecycle.Service","node_id":"postgres-to-kafka:postgres-source-metrics","time":1742313845698,"message":"node stopped"}
benchi-conduit  | {"level":"warn","connector_id":"postgres-to-kafka:kafka-destination","plugin_type":"destination","plugin_name":"builtin:kafka","component":"plugin","time":1742313846695,"message":"failed to dial broker, trying again..."}
benchi-conduit  | {"level":"warn","connector_id":"postgres-to-kafka:kafka-destination","plugin_type":"destination","plugin_name":"builtin:kafka","component":"plugin","addr":"addr","addr":"broker","addr":"err","time":1742313846701,"message":"unable to open connection to broker"}
benchi-conduit  | {"level":"warn","connector_id":"postgres-to-kafka:kafka-destination","plugin_type":"destination","plugin_name":"builtin:kafka","component":"plugin","time":1742313847702,"message":"failed to dial broker, trying again..."}
benchi-conduit  | {"level":"warn","connector_id":"postgres-to-kafka:kafka-destination","plugin_type":"destination","plugin_name":"builtin:kafka","component":"plugin","addr":"addr","addr":"broker","addr":"err","time":1742313847707,"message":"unable to open connection to broker"}
benchi-conduit  | {"level":"warn","connector_id":"postgres-to-kafka:kafka-destination","plugin_type":"destination","plugin_name":"builtin:kafka","component":"plugin","time":1742313848708,"message":"failed to dial broker, trying again..."}
benchi-conduit  | {"level":"warn","connector_id":"postgres-to-kafka:kafka-destination","plugin_type":"destination","plugin_name":"builtin:kafka","component":"plugin","addr":"addr","addr":"broker","addr":"err","time":1742313848713,"message":"unable to open connection to broker"}
benchi-conduit  | {"level":"warn","connector_id":"postgres-to-kafka:kafka-destination","plugin_type":"destination","plugin_name":"builtin:kafka","component":"plugin","time":1742313849715,"message":"failed to dial broker, trying again..."}
benchi-conduit  | {"level":"warn","connector_id":"postgres-to-kafka:kafka-destination","plugin_type":"destination","plugin_name":"builtin:kafka","component":"plugin","addr":"addr","addr":"broker","addr":"err","time":1742313849721,"message":"unable to open connection to broker"}
benchi-conduit  | {"level":"warn","connector_id":"postgres-to-kafka:kafka-destination","plugin_type":"destination","plugin_name":"builtin:kafka","component":"plugin","time":1742313850723,"message":"failed to dial broker, trying again..."}
benchi-conduit  | {"level":"warn","connector_id":"postgres-to-kafka:kafka-destination","plugin_type":"destination","plugin_name":"builtin:kafka","component":"plugin","addr":"addr","addr":"broker","addr":"err","time":1742313850729,"message":"unable to open connection to broker"}
benchi-conduit  | {"level":"warn","connector_id":"postgres-to-kafka:kafka-destination","plugin_type":"destination","plugin_name":"builtin:kafka","component":"plugin","time":1742313851734,"message":"failed to dial broker, trying again..."}
benchi-conduit  | {"level":"warn","connector_id":"postgres-to-kafka:kafka-destination","plugin_type":"destination","plugin_name":"builtin:kafka","component":"plugin","addr":"addr","addr":"broker","addr":"err","time":1742313851740,"message":"unable to open connection to broker"}
benchi-conduit  | {"level":"warn","connector_id":"postgres-to-kafka:kafka-destination","plugin_type":"destination","plugin_name":"builtin:kafka","component":"plugin","time":1742313852742,"message":"failed to dial broker, trying again..."}
benchi-conduit  | {"level":"warn","connector_id":"postgres-to-kafka:kafka-destination","plugin_type":"destination","plugin_name":"builtin:kafka","component":"plugin","addr":"addr","addr":"broker","addr":"err","time":1742313852747,"message":"unable to open connection to broker"}
benchi-conduit  | {"level":"warn","connector_id":"postgres-to-kafka:kafka-destination","plugin_type":"destination","plugin_name":"builtin:kafka","component":"plugin","time":1742313853748,"message":"failed to dial broker, trying again..."}
benchi-conduit  | {"level":"warn","connector_id":"postgres-to-kafka:kafka-destination","plugin_type":"destination","plugin_name":"builtin:kafka","component":"plugin","addr":"addr","addr":"broker","addr":"err","time":1742313853756,"message":"unable to open connection to broker"}
benchi-conduit  | {"level":"warn","connector_id":"postgres-to-kafka:kafka-destination","plugin_type":"destination","plugin_name":"builtin:kafka","component":"plugin","time":1742313854758,"message":"failed to dial broker, trying again..."}
benchi-conduit  | {"level":"warn","connector_id":"postgres-to-kafka:kafka-destination","plugin_type":"destination","plugin_name":"builtin:kafka","component":"plugin","addr":"addr","addr":"broker","addr":"err","time":1742313854762,"message":"unable to open connection to broker"}
benchi-conduit  | {"level":"warn","connector_id":"postgres-to-kafka:kafka-destination","plugin_type":"destination","plugin_name":"builtin:kafka","component":"plugin","time":1742313855762,"message":"failed to dial broker, trying again..."}
benchi-conduit  | {"level":"error","stack":[{"func":"github.com/conduitio/conduit/pkg/lifecycle.(*Service).runPipeline.func2","file":"/app/pkg/lifecycle/service.go","line":743},{"func":"github.com/conduitio/conduit/pkg/lifecycle/stream.(*DestinationNode).Run","file":"/app/pkg/lifecycle/stream/destination.go","line":81},{"func":"github.com/conduitio/conduit/pkg/connector.(*Destination).open","file":"/app/pkg/connector/destination.go","line":293}],"error":"node postgres-to-kafka:kafka-destination stopped with error: could not open destination connector: could not open destination connector plugin: failed to dial broker: unable to dial: dial tcp: lookup broker on 127.0.0.11:53: no such host","component":"lifecycle.Service","node_id":"postgres-to-kafka:kafka-destination","time":1742313855762,"message":"node stopped"}
benchi-conduit  | {"level":"info","component":"lifecycle.Service","pipeline_id":"postgres-to-kafka","duration":2110.00417,"attempt":4,"time":1742313855762,"message":"restarting with backoff"}
benchi-conduit  | {"level":"info","component":"lifecycle.Service","pipeline_id":"postgres-to-kafka","time":1742313857873,"message":"pipeline started"}
benchi-conduit  | {"level":"info","connector_id":"postgres-to-kafka-dlq","component":"connector.Destination","time":1742313857874,"message":"destination connector plugin successfully started"}
benchi-conduit  | {"level":"warn","connector_id":"postgres-to-kafka:kafka-destination","plugin_type":"destination","plugin_name":"builtin:kafka","component":"plugin","addr":"addr","addr":"broker","addr":"err","time":1742313857880,"message":"unable to open connection to broker"}
benchi-conduit  | {"level":"error","stack":[{"func":"github.com/conduitio/conduit/pkg/lifecycle.(*Service).runPipeline.func2","file":"/app/pkg/lifecycle/service.go","line":743},{"func":"github.com/conduitio/conduit/pkg/lifecycle/stream.(*SourceNode).Run","file":"/app/pkg/lifecycle/stream/source.go","line":120},{"func":"github.com/conduitio/conduit/pkg/connector.(*Source).open","file":"/app/pkg/connector/source.go","line":308}],"error":"node postgres-to-kafka:postgres-source stopped with error: could not open source connector: could not open source connector plugin: failed to find primary key for table employees: failed to query table keys: failed to connect to `user=meroxauser database=meroxadb`:\n\thostname resolving error: lookup source-postgres on 127.0.0.11:53: no such host\n\tlookup source-postgres on 127.0.0.11:53: no such host","component":"lifecycle.Service","node_id":"postgres-to-kafka:postgres-source","time":1742313857884,"message":"node stopped"}
benchi-conduit  | {"level":"error","stack":[{"func":"github.com/conduitio/conduit/pkg/lifecycle.(*Service).runPipeline.func2","file":"/app/pkg/lifecycle/service.go","line":743}],"error":"node fanin stopped with error: context canceled","component":"lifecycle.Service","node_id":"fanin","time":1742313857884,"message":"node stopped"}
benchi-conduit  | {"level":"info","connector_id":"postgres-to-kafka-dlq","component":"connector.Destination","time":1742313857884,"message":"destination connector plugin successfully torn down"}
benchi-conduit  | {"level":"error","stack":[{"func":"github.com/conduitio/conduit/pkg/lifecycle.(*Service).runPipeline.func2","file":"/app/pkg/lifecycle/service.go","line":743}],"error":"node postgres-to-kafka:kafka-destination-acker stopped with error: context canceled","component":"lifecycle.Service","node_id":"postgres-to-kafka:kafka-destination-acker","time":1742313857884,"message":"node stopped"}
benchi-conduit  | {"level":"error","stack":[{"func":"github.com/conduitio/conduit/pkg/lifecycle.(*Service).runPipeline.func2","file":"/app/pkg/lifecycle/service.go","line":743}],"error":"node postgres-to-kafka:postgres-source-metrics stopped with error: context canceled","component":"lifecycle.Service","node_id":"postgres-to-kafka:postgres-source-metrics","time":1742313857884,"message":"node stopped"}
benchi-conduit  | {"level":"error","stack":[{"func":"github.com/conduitio/conduit/pkg/lifecycle.(*Service).runPipeline.func2","file":"/app/pkg/lifecycle/service.go","line":743}],"error":"node postgres-to-kafka:kafka-destination-metrics stopped with error: context canceled","component":"lifecycle.Service","node_id":"postgres-to-kafka:kafka-destination-metrics","time":1742313857884,"message":"node stopped"}
benchi-conduit  | {"level":"error","stack":[{"func":"github.com/conduitio/conduit/pkg/lifecycle.(*Service).runPipeline.func2","file":"/app/pkg/lifecycle/service.go","line":743}],"error":"node fanout stopped with error: context canceled","component":"lifecycle.Service","node_id":"fanout","time":1742313857884,"message":"node stopped"}
benchi-conduit  | {"level":"warn","connector_id":"postgres-to-kafka:kafka-destination","plugin_type":"destination","plugin_name":"builtin:kafka","component":"plugin","time":1742313858881,"message":"failed to dial broker, trying again..."}
benchi-conduit  | {"level":"warn","connector_id":"postgres-to-kafka:kafka-destination","plugin_type":"destination","plugin_name":"builtin:kafka","component":"plugin","addr":"addr","addr":"broker","addr":"err","time":1742313858888,"message":"unable to open connection to broker"}
benchi-conduit  | {"level":"warn","connector_id":"postgres-to-kafka:kafka-destination","plugin_type":"destination","plugin_name":"builtin:kafka","component":"plugin","time":1742313859890,"message":"failed to dial broker, trying again..."}
benchi-conduit  | {"level":"warn","connector_id":"postgres-to-kafka:kafka-destination","plugin_type":"destination","plugin_name":"builtin:kafka","component":"plugin","addr":"addr","addr":"broker","addr":"err","time":1742313859897,"message":"unable to open connection to broker"}
benchi-conduit  | {"level":"warn","connector_id":"postgres-to-kafka:kafka-destination","plugin_type":"destination","plugin_name":"builtin:kafka","component":"plugin","time":1742313860904,"message":"failed to dial broker, trying again..."}
benchi-conduit  | {"level":"warn","connector_id":"postgres-to-kafka:kafka-destination","plugin_type":"destination","plugin_name":"builtin:kafka","component":"plugin","addr":"addr","addr":"broker","addr":"err","time":1742313860909,"message":"unable to open connection to broker"}
benchi-conduit  | {"level":"warn","connector_id":"postgres-to-kafka:kafka-destination","plugin_type":"destination","plugin_name":"builtin:kafka","component":"plugin","time":1742313861910,"message":"failed to dial broker, trying again..."}
benchi-conduit  | {"level":"warn","connector_id":"postgres-to-kafka:kafka-destination","plugin_type":"destination","plugin_name":"builtin:kafka","component":"plugin","addr":"addr","addr":"broker","addr":"err","time":1742313861915,"message":"unable to open connection to broker"}
benchi-conduit  | {"level":"warn","connector_id":"postgres-to-kafka:kafka-destination","plugin_type":"destination","plugin_name":"builtin:kafka","component":"plugin","time":1742313862917,"message":"failed to dial broker, trying again..."}
benchi-conduit  | {"level":"warn","connector_id":"postgres-to-kafka:kafka-destination","plugin_type":"destination","plugin_name":"builtin:kafka","component":"plugin","addr":"addr","addr":"broker","addr":"err","time":1742313862923,"message":"unable to open connection to broker"}
benchi-conduit  | {"level":"warn","connector_id":"postgres-to-kafka:kafka-destination","plugin_type":"destination","plugin_name":"builtin:kafka","component":"plugin","time":1742313863924,"message":"failed to dial broker, trying again..."}
benchi-conduit  | {"level":"warn","connector_id":"postgres-to-kafka:kafka-destination","plugin_type":"destination","plugin_name":"builtin:kafka","component":"plugin","addr":"addr","addr":"broker","addr":"err","time":1742313863930,"message":"unable to open connection to broker"}
Gracefully stopping... (press Ctrl+C again to force)
 Container benchi-conduit  Stopping
 Container benchi-conduit  Stopped
canceled
